The system is: Linux - 3.10.0-1127.el7.x86_64 - x86_64
Compiling the CXX compiler identification source file "CMakeCXXCompilerId.cpp" succeeded.
Compiler: /jilasoft/software/gcc/6.3.0/bin/g++ 
Build flags: 
Id flags:  

The output was:
0


Compilation of the CXX compiler identification source "CMakeCXXCompilerId.cpp" produced "a.out"

The CXX compiler identification is GNU, found in "/users/becker/dopl4670/Research/TDSE_PETSC/cmakebuild/CMakeFiles/3.14.5/CompilerIdCXX/a.out"

Determining if the CXX compiler works passed with the following output:
Change Dir: /users/becker/dopl4670/Research/TDSE_PETSC/cmakebuild/CMakeFiles/CMakeTmp

Run Build Command(s):/usr/bin/gmake cmTC_862d4/fast 
/usr/bin/gmake -f CMakeFiles/cmTC_862d4.dir/build.make CMakeFiles/cmTC_862d4.dir/build
gmake[1]: Entering directory `/users/becker/dopl4670/Research/TDSE_PETSC/cmakebuild/CMakeFiles/CMakeTmp'
Building CXX object CMakeFiles/cmTC_862d4.dir/testCXXCompiler.cxx.o
/jilasoft/software/gcc/6.3.0/bin/g++     -o CMakeFiles/cmTC_862d4.dir/testCXXCompiler.cxx.o -c /users/becker/dopl4670/Research/TDSE_PETSC/cmakebuild/CMakeFiles/CMakeTmp/testCXXCompiler.cxx
Linking CXX executable cmTC_862d4
/jilasoft/software/cmake/3.14.5/bin/cmake -E cmake_link_script CMakeFiles/cmTC_862d4.dir/link.txt --verbose=1
/jilasoft/software/gcc/6.3.0/bin/g++       CMakeFiles/cmTC_862d4.dir/testCXXCompiler.cxx.o  -o cmTC_862d4 
gmake[1]: Leaving directory `/users/becker/dopl4670/Research/TDSE_PETSC/cmakebuild/CMakeFiles/CMakeTmp'


Detecting CXX compiler ABI info compiled with the following output:
Change Dir: /users/becker/dopl4670/Research/TDSE_PETSC/cmakebuild/CMakeFiles/CMakeTmp

Run Build Command(s):/usr/bin/gmake cmTC_cd1df/fast 
/usr/bin/gmake -f CMakeFiles/cmTC_cd1df.dir/build.make CMakeFiles/cmTC_cd1df.dir/build
gmake[1]: Entering directory `/users/becker/dopl4670/Research/TDSE_PETSC/cmakebuild/CMakeFiles/CMakeTmp'
Building CXX object CMakeFiles/cmTC_cd1df.dir/CMakeCXXCompilerABI.cpp.o
/jilasoft/software/gcc/6.3.0/bin/g++    -v -o CMakeFiles/cmTC_cd1df.dir/CMakeCXXCompilerABI.cpp.o -c /jilasoft/software/cmake/3.14.5/share/cmake-3.14/Modules/CMakeCXXCompilerABI.cpp
Using built-in specs.
COLLECT_GCC=/jilasoft/software/gcc/6.3.0/bin/g++
Target: x86_64-pc-linux-gnu
Configured with: ./configure --prefix=/jilasoft/software/gcc/6.3.0 --disable-multilib
Thread model: posix
gcc version 6.3.0 (GCC) 
COLLECT_GCC_OPTIONS='-v' '-o' 'CMakeFiles/cmTC_cd1df.dir/CMakeCXXCompilerABI.cpp.o' '-c' '-shared-libgcc' '-mtune=generic' '-march=x86-64'
 /jilasoft/software/gcc/6.3.0/libexec/gcc/x86_64-pc-linux-gnu/6.3.0/cc1plus -quiet -v -D_GNU_SOURCE /jilasoft/software/cmake/3.14.5/share/cmake-3.14/Modules/CMakeCXXCompilerABI.cpp -quiet -dumpbase CMakeCXXCompilerABI.cpp -mtune=generic -march=x86-64 -auxbase-strip CMakeFiles/cmTC_cd1df.dir/CMakeCXXCompilerABI.cpp.o -version -o /scratch/becker/dopl4670//cc0UENTS.s
GNU C++14 (GCC) version 6.3.0 (x86_64-pc-linux-gnu)
	compiled by GNU C version 6.3.0, GMP version 4.3.2, MPFR version 2.4.2, MPC version 0.8.1, isl version 0.15
GGC heuristics: --param ggc-min-expand=100 --param ggc-min-heapsize=131072
ignoring nonexistent directory "/jilasoft/software/gcc/6.3.0/lib/gcc/x86_64-pc-linux-gnu/6.3.0/../../../../x86_64-pc-linux-gnu/include"
ignoring nonexistent directory "/jilasoft/software/cmake/3.14.5/include"
ignoring duplicate directory "/jilasoft/software/gcc/6.3.0/include"
  as it is a non-system directory that duplicates a system directory
#include "..." search starts here:
#include <...> search starts here:
 /jilasoft/software/binutils/2.27/include
 /jilasoft/software/gcc/6.3.0/lib/gcc/x86_64-pc-linux-gnu/6.3.0/../../../../include/c++/6.3.0
 /jilasoft/software/gcc/6.3.0/lib/gcc/x86_64-pc-linux-gnu/6.3.0/../../../../include/c++/6.3.0/x86_64-pc-linux-gnu
 /jilasoft/software/gcc/6.3.0/lib/gcc/x86_64-pc-linux-gnu/6.3.0/../../../../include/c++/6.3.0/backward
 /jilasoft/software/gcc/6.3.0/lib/gcc/x86_64-pc-linux-gnu/6.3.0/include
 /usr/local/include
 /jilasoft/software/gcc/6.3.0/include
 /jilasoft/software/gcc/6.3.0/lib/gcc/x86_64-pc-linux-gnu/6.3.0/include-fixed
 /usr/include
End of search list.
GNU C++14 (GCC) version 6.3.0 (x86_64-pc-linux-gnu)
	compiled by GNU C version 6.3.0, GMP version 4.3.2, MPFR version 2.4.2, MPC version 0.8.1, isl version 0.15
GGC heuristics: --param ggc-min-expand=100 --param ggc-min-heapsize=131072
Compiler executable checksum: ab8007fdc715788d92c19c5378a75656
COLLECT_GCC_OPTIONS='-v' '-o' 'CMakeFiles/cmTC_cd1df.dir/CMakeCXXCompilerABI.cpp.o' '-c' '-shared-libgcc' '-mtune=generic' '-march=x86-64'
 as -v --64 -o CMakeFiles/cmTC_cd1df.dir/CMakeCXXCompilerABI.cpp.o /scratch/becker/dopl4670//cc0UENTS.s
GNU assembler version 2.27 (x86_64-pc-linux-gnu) using BFD version (GNU Binutils) 2.27
COMPILER_PATH=/jilasoft/software/gcc/6.3.0/libexec/gcc/x86_64-pc-linux-gnu/6.3.0/:/jilasoft/software/gcc/6.3.0/libexec/gcc/x86_64-pc-linux-gnu/6.3.0/:/jilasoft/software/gcc/6.3.0/libexec/gcc/x86_64-pc-linux-gnu/:/jilasoft/software/gcc/6.3.0/lib/gcc/x86_64-pc-linux-gnu/6.3.0/:/jilasoft/software/gcc/6.3.0/lib/gcc/x86_64-pc-linux-gnu/
LIBRARY_PATH=/jilasoft/software/gcc/6.3.0/lib64/../lib64/:/jilasoft/software/gcc/6.3.0/lib/gcc/x86_64-pc-linux-gnu/6.3.0/:/jilasoft/software/gcc/6.3.0/lib/gcc/x86_64-pc-linux-gnu/6.3.0/../../../../lib64/:/lib/../lib64/:/usr/lib/../lib64/:/jilasoft/software/binutils/2.27/lib/:/jilasoft/software/gcc/6.3.0/lib64/:/jilasoft/software/gcc/6.3.0/lib/gcc/x86_64-pc-linux-gnu/6.3.0/../../../:/lib/:/usr/lib/
COLLECT_GCC_OPTIONS='-v' '-o' 'CMakeFiles/cmTC_cd1df.dir/CMakeCXXCompilerABI.cpp.o' '-c' '-shared-libgcc' '-mtune=generic' '-march=x86-64'
Linking CXX executable cmTC_cd1df
/jilasoft/software/cmake/3.14.5/bin/cmake -E cmake_link_script CMakeFiles/cmTC_cd1df.dir/link.txt --verbose=1
/jilasoft/software/gcc/6.3.0/bin/g++      -v CMakeFiles/cmTC_cd1df.dir/CMakeCXXCompilerABI.cpp.o  -o cmTC_cd1df 
Using built-in specs.
COLLECT_GCC=/jilasoft/software/gcc/6.3.0/bin/g++
COLLECT_LTO_WRAPPER=/jilasoft/software/gcc/6.3.0/libexec/gcc/x86_64-pc-linux-gnu/6.3.0/lto-wrapper
Target: x86_64-pc-linux-gnu
Configured with: ./configure --prefix=/jilasoft/software/gcc/6.3.0 --disable-multilib
Thread model: posix
gcc version 6.3.0 (GCC) 
COMPILER_PATH=/jilasoft/software/gcc/6.3.0/libexec/gcc/x86_64-pc-linux-gnu/6.3.0/:/jilasoft/software/gcc/6.3.0/libexec/gcc/x86_64-pc-linux-gnu/6.3.0/:/jilasoft/software/gcc/6.3.0/libexec/gcc/x86_64-pc-linux-gnu/:/jilasoft/software/gcc/6.3.0/lib/gcc/x86_64-pc-linux-gnu/6.3.0/:/jilasoft/software/gcc/6.3.0/lib/gcc/x86_64-pc-linux-gnu/
LIBRARY_PATH=/jilasoft/software/gcc/6.3.0/lib64/../lib64/:/jilasoft/software/gcc/6.3.0/lib/gcc/x86_64-pc-linux-gnu/6.3.0/:/jilasoft/software/gcc/6.3.0/lib/gcc/x86_64-pc-linux-gnu/6.3.0/../../../../lib64/:/lib/../lib64/:/usr/lib/../lib64/:/jilasoft/software/binutils/2.27/lib/:/jilasoft/software/gcc/6.3.0/lib64/:/jilasoft/software/gcc/6.3.0/lib/gcc/x86_64-pc-linux-gnu/6.3.0/../../../:/lib/:/usr/lib/
COLLECT_GCC_OPTIONS='-v' '-o' 'cmTC_cd1df' '-shared-libgcc' '-mtune=generic' '-march=x86-64'
 /jilasoft/software/gcc/6.3.0/libexec/gcc/x86_64-pc-linux-gnu/6.3.0/collect2 -plugin /jilasoft/software/gcc/6.3.0/libexec/gcc/x86_64-pc-linux-gnu/6.3.0/liblto_plugin.so -plugin-opt=/jilasoft/software/gcc/6.3.0/libexec/gcc/x86_64-pc-linux-gnu/6.3.0/lto-wrapper -plugin-opt=-fresolution=/scratch/becker/dopl4670//ccidFlUX.res -plugin-opt=-pass-through=-lgcc_s -plugin-opt=-pass-through=-lgcc -plugin-opt=-pass-through=-lc -plugin-opt=-pass-through=-lgcc_s -plugin-opt=-pass-through=-lgcc --eh-frame-hdr -m elf_x86_64 -dynamic-linker /lib64/ld-linux-x86-64.so.2 -o cmTC_cd1df /lib/../lib64/crt1.o /lib/../lib64/crti.o /jilasoft/software/gcc/6.3.0/lib/gcc/x86_64-pc-linux-gnu/6.3.0/crtbegin.o -L/jilasoft/software/gcc/6.3.0/lib64/../lib64 -L/jilasoft/software/gcc/6.3.0/lib/gcc/x86_64-pc-linux-gnu/6.3.0 -L/jilasoft/software/gcc/6.3.0/lib/gcc/x86_64-pc-linux-gnu/6.3.0/../../../../lib64 -L/lib/../lib64 -L/usr/lib/../lib64 -L/jilasoft/software/binutils/2.27/lib -L/jilasoft/software/gcc/6.3.0/lib64 -L/jilasoft/software/gcc/6.3.0/lib/gcc/x86_64-pc-linux-gnu/6.3.0/../../.. CMakeFiles/cmTC_cd1df.dir/CMakeCXXCompilerABI.cpp.o -lstdc++ -lm -lgcc_s -lgcc -lc -lgcc_s -lgcc /jilasoft/software/gcc/6.3.0/lib/gcc/x86_64-pc-linux-gnu/6.3.0/crtend.o /lib/../lib64/crtn.o
COLLECT_GCC_OPTIONS='-v' '-o' 'cmTC_cd1df' '-shared-libgcc' '-mtune=generic' '-march=x86-64'
gmake[1]: Leaving directory `/users/becker/dopl4670/Research/TDSE_PETSC/cmakebuild/CMakeFiles/CMakeTmp'


Parsed CXX implicit include dir info from above output: rv=done
  found start of include info
  found start of implicit include info
    add: [/jilasoft/software/binutils/2.27/include]
    add: [/jilasoft/software/gcc/6.3.0/lib/gcc/x86_64-pc-linux-gnu/6.3.0/../../../../include/c++/6.3.0]
    add: [/jilasoft/software/gcc/6.3.0/lib/gcc/x86_64-pc-linux-gnu/6.3.0/../../../../include/c++/6.3.0/x86_64-pc-linux-gnu]
    add: [/jilasoft/software/gcc/6.3.0/lib/gcc/x86_64-pc-linux-gnu/6.3.0/../../../../include/c++/6.3.0/backward]
    add: [/jilasoft/software/gcc/6.3.0/lib/gcc/x86_64-pc-linux-gnu/6.3.0/include]
    add: [/usr/local/include]
    add: [/jilasoft/software/gcc/6.3.0/include]
    add: [/jilasoft/software/gcc/6.3.0/lib/gcc/x86_64-pc-linux-gnu/6.3.0/include-fixed]
    add: [/usr/include]
  end of search list found
  collapse include dir [/jilasoft/software/binutils/2.27/include] ==> [/jilasoft/software/binutils/2.27/include]
  collapse include dir [/jilasoft/software/gcc/6.3.0/lib/gcc/x86_64-pc-linux-gnu/6.3.0/../../../../include/c++/6.3.0] ==> [/jilasoft/software/gcc/6.3.0/include/c++/6.3.0]
  collapse include dir [/jilasoft/software/gcc/6.3.0/lib/gcc/x86_64-pc-linux-gnu/6.3.0/../../../../include/c++/6.3.0/x86_64-pc-linux-gnu] ==> [/jilasoft/software/gcc/6.3.0/include/c++/6.3.0/x86_64-pc-linux-gnu]
  collapse include dir [/jilasoft/software/gcc/6.3.0/lib/gcc/x86_64-pc-linux-gnu/6.3.0/../../../../include/c++/6.3.0/backward] ==> [/jilasoft/software/gcc/6.3.0/include/c++/6.3.0/backward]
  collapse include dir [/jilasoft/software/gcc/6.3.0/lib/gcc/x86_64-pc-linux-gnu/6.3.0/include] ==> [/jilasoft/software/gcc/6.3.0/lib/gcc/x86_64-pc-linux-gnu/6.3.0/include]
  collapse include dir [/usr/local/include] ==> [/usr/local/include]
  collapse include dir [/jilasoft/software/gcc/6.3.0/include] ==> [/jilasoft/software/gcc/6.3.0/include]
  collapse include dir [/jilasoft/software/gcc/6.3.0/lib/gcc/x86_64-pc-linux-gnu/6.3.0/include-fixed] ==> [/jilasoft/software/gcc/6.3.0/lib/gcc/x86_64-pc-linux-gnu/6.3.0/include-fixed]
  collapse include dir [/usr/include] ==> [/usr/include]
  implicit include dirs: [/jilasoft/software/binutils/2.27/include;/jilasoft/software/gcc/6.3.0/include/c++/6.3.0;/jilasoft/software/gcc/6.3.0/include/c++/6.3.0/x86_64-pc-linux-gnu;/jilasoft/software/gcc/6.3.0/include/c++/6.3.0/backward;/jilasoft/software/gcc/6.3.0/lib/gcc/x86_64-pc-linux-gnu/6.3.0/include;/usr/local/include;/jilasoft/software/gcc/6.3.0/include;/jilasoft/software/gcc/6.3.0/lib/gcc/x86_64-pc-linux-gnu/6.3.0/include-fixed;/usr/include]


Parsed CXX implicit link information from above output:
  link line regex: [^( *|.*[/\])(ld|CMAKE_LINK_STARTFILE-NOTFOUND|([^/\]+-)?ld|collect2)[^/\]*( |$)]
  ignore line: [Change Dir: /users/becker/dopl4670/Research/TDSE_PETSC/cmakebuild/CMakeFiles/CMakeTmp]
  ignore line: []
  ignore line: [Run Build Command(s):/usr/bin/gmake cmTC_cd1df/fast ]
  ignore line: [/usr/bin/gmake -f CMakeFiles/cmTC_cd1df.dir/build.make CMakeFiles/cmTC_cd1df.dir/build]
  ignore line: [gmake[1]: Entering directory `/users/becker/dopl4670/Research/TDSE_PETSC/cmakebuild/CMakeFiles/CMakeTmp']
  ignore line: [Building CXX object CMakeFiles/cmTC_cd1df.dir/CMakeCXXCompilerABI.cpp.o]
  ignore line: [/jilasoft/software/gcc/6.3.0/bin/g++    -v -o CMakeFiles/cmTC_cd1df.dir/CMakeCXXCompilerABI.cpp.o -c /jilasoft/software/cmake/3.14.5/share/cmake-3.14/Modules/CMakeCXXCompilerABI.cpp]
  ignore line: [Using built-in specs.]
  ignore line: [COLLECT_GCC=/jilasoft/software/gcc/6.3.0/bin/g++]
  ignore line: [Target: x86_64-pc-linux-gnu]
  ignore line: [Configured with: ./configure --prefix=/jilasoft/software/gcc/6.3.0 --disable-multilib]
  ignore line: [Thread model: posix]
  ignore line: [gcc version 6.3.0 (GCC) ]
  ignore line: [COLLECT_GCC_OPTIONS='-v' '-o' 'CMakeFiles/cmTC_cd1df.dir/CMakeCXXCompilerABI.cpp.o' '-c' '-shared-libgcc' '-mtune=generic' '-march=x86-64']
  ignore line: [ /jilasoft/software/gcc/6.3.0/libexec/gcc/x86_64-pc-linux-gnu/6.3.0/cc1plus -quiet -v -D_GNU_SOURCE /jilasoft/software/cmake/3.14.5/share/cmake-3.14/Modules/CMakeCXXCompilerABI.cpp -quiet -dumpbase CMakeCXXCompilerABI.cpp -mtune=generic -march=x86-64 -auxbase-strip CMakeFiles/cmTC_cd1df.dir/CMakeCXXCompilerABI.cpp.o -version -o /scratch/becker/dopl4670//cc0UENTS.s]
  ignore line: [GNU C++14 (GCC) version 6.3.0 (x86_64-pc-linux-gnu)]
  ignore line: [	compiled by GNU C version 6.3.0, GMP version 4.3.2, MPFR version 2.4.2, MPC version 0.8.1, isl version 0.15]
  ignore line: [GGC heuristics: --param ggc-min-expand=100 --param ggc-min-heapsize=131072]
  ignore line: [ignoring nonexistent directory "/jilasoft/software/gcc/6.3.0/lib/gcc/x86_64-pc-linux-gnu/6.3.0/../../../../x86_64-pc-linux-gnu/include"]
  ignore line: [ignoring nonexistent directory "/jilasoft/software/cmake/3.14.5/include"]
  ignore line: [ignoring duplicate directory "/jilasoft/software/gcc/6.3.0/include"]
  ignore line: [  as it is a non-system directory that duplicates a system directory]
  ignore line: [#include "..." search starts here:]
  ignore line: [#include <...> search starts here:]
  ignore line: [ /jilasoft/software/binutils/2.27/include]
  ignore line: [ /jilasoft/software/gcc/6.3.0/lib/gcc/x86_64-pc-linux-gnu/6.3.0/../../../../include/c++/6.3.0]
  ignore line: [ /jilasoft/software/gcc/6.3.0/lib/gcc/x86_64-pc-linux-gnu/6.3.0/../../../../include/c++/6.3.0/x86_64-pc-linux-gnu]
  ignore line: [ /jilasoft/software/gcc/6.3.0/lib/gcc/x86_64-pc-linux-gnu/6.3.0/../../../../include/c++/6.3.0/backward]
  ignore line: [ /jilasoft/software/gcc/6.3.0/lib/gcc/x86_64-pc-linux-gnu/6.3.0/include]
  ignore line: [ /usr/local/include]
  ignore line: [ /jilasoft/software/gcc/6.3.0/include]
  ignore line: [ /jilasoft/software/gcc/6.3.0/lib/gcc/x86_64-pc-linux-gnu/6.3.0/include-fixed]
  ignore line: [ /usr/include]
  ignore line: [End of search list.]
  ignore line: [GNU C++14 (GCC) version 6.3.0 (x86_64-pc-linux-gnu)]
  ignore line: [	compiled by GNU C version 6.3.0, GMP version 4.3.2, MPFR version 2.4.2, MPC version 0.8.1, isl version 0.15]
  ignore line: [GGC heuristics: --param ggc-min-expand=100 --param ggc-min-heapsize=131072]
  ignore line: [Compiler executable checksum: ab8007fdc715788d92c19c5378a75656]
  ignore line: [COLLECT_GCC_OPTIONS='-v' '-o' 'CMakeFiles/cmTC_cd1df.dir/CMakeCXXCompilerABI.cpp.o' '-c' '-shared-libgcc' '-mtune=generic' '-march=x86-64']
  ignore line: [ as -v --64 -o CMakeFiles/cmTC_cd1df.dir/CMakeCXXCompilerABI.cpp.o /scratch/becker/dopl4670//cc0UENTS.s]
  ignore line: [GNU assembler version 2.27 (x86_64-pc-linux-gnu) using BFD version (GNU Binutils) 2.27]
  ignore line: [COMPILER_PATH=/jilasoft/software/gcc/6.3.0/libexec/gcc/x86_64-pc-linux-gnu/6.3.0/:/jilasoft/software/gcc/6.3.0/libexec/gcc/x86_64-pc-linux-gnu/6.3.0/:/jilasoft/software/gcc/6.3.0/libexec/gcc/x86_64-pc-linux-gnu/:/jilasoft/software/gcc/6.3.0/lib/gcc/x86_64-pc-linux-gnu/6.3.0/:/jilasoft/software/gcc/6.3.0/lib/gcc/x86_64-pc-linux-gnu/]
  ignore line: [LIBRARY_PATH=/jilasoft/software/gcc/6.3.0/lib64/../lib64/:/jilasoft/software/gcc/6.3.0/lib/gcc/x86_64-pc-linux-gnu/6.3.0/:/jilasoft/software/gcc/6.3.0/lib/gcc/x86_64-pc-linux-gnu/6.3.0/../../../../lib64/:/lib/../lib64/:/usr/lib/../lib64/:/jilasoft/software/binutils/2.27/lib/:/jilasoft/software/gcc/6.3.0/lib64/:/jilasoft/software/gcc/6.3.0/lib/gcc/x86_64-pc-linux-gnu/6.3.0/../../../:/lib/:/usr/lib/]
  ignore line: [COLLECT_GCC_OPTIONS='-v' '-o' 'CMakeFiles/cmTC_cd1df.dir/CMakeCXXCompilerABI.cpp.o' '-c' '-shared-libgcc' '-mtune=generic' '-march=x86-64']
  ignore line: [Linking CXX executable cmTC_cd1df]
  ignore line: [/jilasoft/software/cmake/3.14.5/bin/cmake -E cmake_link_script CMakeFiles/cmTC_cd1df.dir/link.txt --verbose=1]
  ignore line: [/jilasoft/software/gcc/6.3.0/bin/g++      -v CMakeFiles/cmTC_cd1df.dir/CMakeCXXCompilerABI.cpp.o  -o cmTC_cd1df ]
  ignore line: [Using built-in specs.]
  ignore line: [COLLECT_GCC=/jilasoft/software/gcc/6.3.0/bin/g++]
  ignore line: [COLLECT_LTO_WRAPPER=/jilasoft/software/gcc/6.3.0/libexec/gcc/x86_64-pc-linux-gnu/6.3.0/lto-wrapper]
  ignore line: [Target: x86_64-pc-linux-gnu]
  ignore line: [Configured with: ./configure --prefix=/jilasoft/software/gcc/6.3.0 --disable-multilib]
  ignore line: [Thread model: posix]
  ignore line: [gcc version 6.3.0 (GCC) ]
  ignore line: [COMPILER_PATH=/jilasoft/software/gcc/6.3.0/libexec/gcc/x86_64-pc-linux-gnu/6.3.0/:/jilasoft/software/gcc/6.3.0/libexec/gcc/x86_64-pc-linux-gnu/6.3.0/:/jilasoft/software/gcc/6.3.0/libexec/gcc/x86_64-pc-linux-gnu/:/jilasoft/software/gcc/6.3.0/lib/gcc/x86_64-pc-linux-gnu/6.3.0/:/jilasoft/software/gcc/6.3.0/lib/gcc/x86_64-pc-linux-gnu/]
  ignore line: [LIBRARY_PATH=/jilasoft/software/gcc/6.3.0/lib64/../lib64/:/jilasoft/software/gcc/6.3.0/lib/gcc/x86_64-pc-linux-gnu/6.3.0/:/jilasoft/software/gcc/6.3.0/lib/gcc/x86_64-pc-linux-gnu/6.3.0/../../../../lib64/:/lib/../lib64/:/usr/lib/../lib64/:/jilasoft/software/binutils/2.27/lib/:/jilasoft/software/gcc/6.3.0/lib64/:/jilasoft/software/gcc/6.3.0/lib/gcc/x86_64-pc-linux-gnu/6.3.0/../../../:/lib/:/usr/lib/]
  ignore line: [COLLECT_GCC_OPTIONS='-v' '-o' 'cmTC_cd1df' '-shared-libgcc' '-mtune=generic' '-march=x86-64']
  link line: [ /jilasoft/software/gcc/6.3.0/libexec/gcc/x86_64-pc-linux-gnu/6.3.0/collect2 -plugin /jilasoft/software/gcc/6.3.0/libexec/gcc/x86_64-pc-linux-gnu/6.3.0/liblto_plugin.so -plugin-opt=/jilasoft/software/gcc/6.3.0/libexec/gcc/x86_64-pc-linux-gnu/6.3.0/lto-wrapper -plugin-opt=-fresolution=/scratch/becker/dopl4670//ccidFlUX.res -plugin-opt=-pass-through=-lgcc_s -plugin-opt=-pass-through=-lgcc -plugin-opt=-pass-through=-lc -plugin-opt=-pass-through=-lgcc_s -plugin-opt=-pass-through=-lgcc --eh-frame-hdr -m elf_x86_64 -dynamic-linker /lib64/ld-linux-x86-64.so.2 -o cmTC_cd1df /lib/../lib64/crt1.o /lib/../lib64/crti.o /jilasoft/software/gcc/6.3.0/lib/gcc/x86_64-pc-linux-gnu/6.3.0/crtbegin.o -L/jilasoft/software/gcc/6.3.0/lib64/../lib64 -L/jilasoft/software/gcc/6.3.0/lib/gcc/x86_64-pc-linux-gnu/6.3.0 -L/jilasoft/software/gcc/6.3.0/lib/gcc/x86_64-pc-linux-gnu/6.3.0/../../../../lib64 -L/lib/../lib64 -L/usr/lib/../lib64 -L/jilasoft/software/binutils/2.27/lib -L/jilasoft/software/gcc/6.3.0/lib64 -L/jilasoft/software/gcc/6.3.0/lib/gcc/x86_64-pc-linux-gnu/6.3.0/../../.. CMakeFiles/cmTC_cd1df.dir/CMakeCXXCompilerABI.cpp.o -lstdc++ -lm -lgcc_s -lgcc -lc -lgcc_s -lgcc /jilasoft/software/gcc/6.3.0/lib/gcc/x86_64-pc-linux-gnu/6.3.0/crtend.o /lib/../lib64/crtn.o]
    arg [/jilasoft/software/gcc/6.3.0/libexec/gcc/x86_64-pc-linux-gnu/6.3.0/collect2] ==> ignore
    arg [-plugin] ==> ignore
    arg [/jilasoft/software/gcc/6.3.0/libexec/gcc/x86_64-pc-linux-gnu/6.3.0/liblto_plugin.so] ==> ignore
    arg [-plugin-opt=/jilasoft/software/gcc/6.3.0/libexec/gcc/x86_64-pc-linux-gnu/6.3.0/lto-wrapper] ==> ignore
    arg [-plugin-opt=-fresolution=/scratch/becker/dopl4670//ccidFlUX.res] ==> ignore
    arg [-plugin-opt=-pass-through=-lgcc_s] ==> ignore
    arg [-plugin-opt=-pass-through=-lgcc] ==> ignore
    arg [-plugin-opt=-pass-through=-lc] ==> ignore
    arg [-plugin-opt=-pass-through=-lgcc_s] ==> ignore
    arg [-plugin-opt=-pass-through=-lgcc] ==> ignore
    arg [--eh-frame-hdr] ==> ignore
    arg [-m] ==> ignore
    arg [elf_x86_64] ==> ignore
    arg [-dynamic-linker] ==> ignore
    arg [/lib64/ld-linux-x86-64.so.2] ==> ignore
    arg [-o] ==> ignore
    arg [cmTC_cd1df] ==> ignore
    arg [/lib/../lib64/crt1.o] ==> ignore
    arg [/lib/../lib64/crti.o] ==> ignore
    arg [/jilasoft/software/gcc/6.3.0/lib/gcc/x86_64-pc-linux-gnu/6.3.0/crtbegin.o] ==> ignore
    arg [-L/jilasoft/software/gcc/6.3.0/lib64/../lib64] ==> dir [/jilasoft/software/gcc/6.3.0/lib64/../lib64]
    arg [-L/jilasoft/software/gcc/6.3.0/lib/gcc/x86_64-pc-linux-gnu/6.3.0] ==> dir [/jilasoft/software/gcc/6.3.0/lib/gcc/x86_64-pc-linux-gnu/6.3.0]
    arg [-L/jilasoft/software/gcc/6.3.0/lib/gcc/x86_64-pc-linux-gnu/6.3.0/../../../../lib64] ==> dir [/jilasoft/software/gcc/6.3.0/lib/gcc/x86_64-pc-linux-gnu/6.3.0/../../../../lib64]
    arg [-L/lib/../lib64] ==> dir [/lib/../lib64]
    arg [-L/usr/lib/../lib64] ==> dir [/usr/lib/../lib64]
    arg [-L/jilasoft/software/binutils/2.27/lib] ==> dir [/jilasoft/software/binutils/2.27/lib]
    arg [-L/jilasoft/software/gcc/6.3.0/lib64] ==> dir [/jilasoft/software/gcc/6.3.0/lib64]
    arg [-L/jilasoft/software/gcc/6.3.0/lib/gcc/x86_64-pc-linux-gnu/6.3.0/../../..] ==> dir [/jilasoft/software/gcc/6.3.0/lib/gcc/x86_64-pc-linux-gnu/6.3.0/../../..]
    arg [CMakeFiles/cmTC_cd1df.dir/CMakeCXXCompilerABI.cpp.o] ==> ignore
    arg [-lstdc++] ==> lib [stdc++]
    arg [-lm] ==> lib [m]
    arg [-lgcc_s] ==> lib [gcc_s]
    arg [-lgcc] ==> lib [gcc]
    arg [-lc] ==> lib [c]
    arg [-lgcc_s] ==> lib [gcc_s]
    arg [-lgcc] ==> lib [gcc]
    arg [/jilasoft/software/gcc/6.3.0/lib/gcc/x86_64-pc-linux-gnu/6.3.0/crtend.o] ==> ignore
    arg [/lib/../lib64/crtn.o] ==> ignore
  collapse library dir [/jilasoft/software/gcc/6.3.0/lib64/../lib64] ==> [/jilasoft/software/gcc/6.3.0/lib64]
  collapse library dir [/jilasoft/software/gcc/6.3.0/lib/gcc/x86_64-pc-linux-gnu/6.3.0] ==> [/jilasoft/software/gcc/6.3.0/lib/gcc/x86_64-pc-linux-gnu/6.3.0]
  collapse library dir [/jilasoft/software/gcc/6.3.0/lib/gcc/x86_64-pc-linux-gnu/6.3.0/../../../../lib64] ==> [/jilasoft/software/gcc/6.3.0/lib64]
  collapse library dir [/lib/../lib64] ==> [/lib64]
  collapse library dir [/usr/lib/../lib64] ==> [/usr/lib64]
  collapse library dir [/jilasoft/software/binutils/2.27/lib] ==> [/jilasoft/software/binutils/2.27/lib]
  collapse library dir [/jilasoft/software/gcc/6.3.0/lib64] ==> [/jilasoft/software/gcc/6.3.0/lib64]
  collapse library dir [/jilasoft/software/gcc/6.3.0/lib/gcc/x86_64-pc-linux-gnu/6.3.0/../../..] ==> [/jilasoft/software/gcc/6.3.0/lib]
  implicit libs: [stdc++;m;gcc_s;gcc;c;gcc_s;gcc]
  implicit dirs: [/jilasoft/software/gcc/6.3.0/lib64;/jilasoft/software/gcc/6.3.0/lib/gcc/x86_64-pc-linux-gnu/6.3.0;/lib64;/usr/lib64;/jilasoft/software/binutils/2.27/lib;/jilasoft/software/gcc/6.3.0/lib]
  implicit fwks: []




Detecting CXX [-std=c++1z] compiler features compiled with the following output:
Change Dir: /users/becker/dopl4670/Research/TDSE_PETSC/cmakebuild/CMakeFiles/CMakeTmp

Run Build Command(s):/usr/bin/gmake cmTC_08398/fast 
/usr/bin/gmake -f CMakeFiles/cmTC_08398.dir/build.make CMakeFiles/cmTC_08398.dir/build
gmake[1]: Entering directory `/users/becker/dopl4670/Research/TDSE_PETSC/cmakebuild/CMakeFiles/CMakeTmp'
Building CXX object CMakeFiles/cmTC_08398.dir/feature_tests.cxx.o
/jilasoft/software/gcc/6.3.0/bin/g++    -std=c++1z -o CMakeFiles/cmTC_08398.dir/feature_tests.cxx.o -c /users/becker/dopl4670/Research/TDSE_PETSC/cmakebuild/CMakeFiles/feature_tests.cxx
Linking CXX executable cmTC_08398
/jilasoft/software/cmake/3.14.5/bin/cmake -E cmake_link_script CMakeFiles/cmTC_08398.dir/link.txt --verbose=1
/jilasoft/software/gcc/6.3.0/bin/g++       CMakeFiles/cmTC_08398.dir/feature_tests.cxx.o  -o cmTC_08398 
gmake[1]: Leaving directory `/users/becker/dopl4670/Research/TDSE_PETSC/cmakebuild/CMakeFiles/CMakeTmp'


    Feature record: CXX_FEATURE:1cxx_aggregate_default_initializers
    Feature record: CXX_FEATURE:1cxx_alias_templates
    Feature record: CXX_FEATURE:1cxx_alignas
    Feature record: CXX_FEATURE:1cxx_alignof
    Feature record: CXX_FEATURE:1cxx_attributes
    Feature record: CXX_FEATURE:1cxx_attribute_deprecated
    Feature record: CXX_FEATURE:1cxx_auto_type
    Feature record: CXX_FEATURE:1cxx_binary_literals
    Feature record: CXX_FEATURE:1cxx_constexpr
    Feature record: CXX_FEATURE:1cxx_contextual_conversions
    Feature record: CXX_FEATURE:1cxx_decltype
    Feature record: CXX_FEATURE:1cxx_decltype_auto
    Feature record: CXX_FEATURE:1cxx_decltype_incomplete_return_types
    Feature record: CXX_FEATURE:1cxx_default_function_template_args
    Feature record: CXX_FEATURE:1cxx_defaulted_functions
    Feature record: CXX_FEATURE:1cxx_defaulted_move_initializers
    Feature record: CXX_FEATURE:1cxx_delegating_constructors
    Feature record: CXX_FEATURE:1cxx_deleted_functions
    Feature record: CXX_FEATURE:1cxx_digit_separators
    Feature record: CXX_FEATURE:1cxx_enum_forward_declarations
    Feature record: CXX_FEATURE:1cxx_explicit_conversions
    Feature record: CXX_FEATURE:1cxx_extended_friend_declarations
    Feature record: CXX_FEATURE:1cxx_extern_templates
    Feature record: CXX_FEATURE:1cxx_final
    Feature record: CXX_FEATURE:1cxx_func_identifier
    Feature record: CXX_FEATURE:1cxx_generalized_initializers
    Feature record: CXX_FEATURE:1cxx_generic_lambdas
    Feature record: CXX_FEATURE:1cxx_inheriting_constructors
    Feature record: CXX_FEATURE:1cxx_inline_namespaces
    Feature record: CXX_FEATURE:1cxx_lambdas
    Feature record: CXX_FEATURE:1cxx_lambda_init_captures
    Feature record: CXX_FEATURE:1cxx_local_type_template_args
    Feature record: CXX_FEATURE:1cxx_long_long_type
    Feature record: CXX_FEATURE:1cxx_noexcept
    Feature record: CXX_FEATURE:1cxx_nonstatic_member_init
    Feature record: CXX_FEATURE:1cxx_nullptr
    Feature record: CXX_FEATURE:1cxx_override
    Feature record: CXX_FEATURE:1cxx_range_for
    Feature record: CXX_FEATURE:1cxx_raw_string_literals
    Feature record: CXX_FEATURE:1cxx_reference_qualified_functions
    Feature record: CXX_FEATURE:1cxx_relaxed_constexpr
    Feature record: CXX_FEATURE:1cxx_return_type_deduction
    Feature record: CXX_FEATURE:1cxx_right_angle_brackets
    Feature record: CXX_FEATURE:1cxx_rvalue_references
    Feature record: CXX_FEATURE:1cxx_sizeof_member
    Feature record: CXX_FEATURE:1cxx_static_assert
    Feature record: CXX_FEATURE:1cxx_strong_enums
    Feature record: CXX_FEATURE:1cxx_template_template_parameters
    Feature record: CXX_FEATURE:1cxx_thread_local
    Feature record: CXX_FEATURE:1cxx_trailing_return_types
    Feature record: CXX_FEATURE:1cxx_unicode_literals
    Feature record: CXX_FEATURE:1cxx_uniform_initialization
    Feature record: CXX_FEATURE:1cxx_unrestricted_unions
    Feature record: CXX_FEATURE:1cxx_user_literals
    Feature record: CXX_FEATURE:1cxx_variable_templates
    Feature record: CXX_FEATURE:1cxx_variadic_macros
    Feature record: CXX_FEATURE:1cxx_variadic_templates


Detecting CXX [-std=c++14] compiler features compiled with the following output:
Change Dir: /users/becker/dopl4670/Research/TDSE_PETSC/cmakebuild/CMakeFiles/CMakeTmp

Run Build Command(s):/usr/bin/gmake cmTC_30728/fast 
/usr/bin/gmake -f CMakeFiles/cmTC_30728.dir/build.make CMakeFiles/cmTC_30728.dir/build
gmake[1]: Entering directory `/users/becker/dopl4670/Research/TDSE_PETSC/cmakebuild/CMakeFiles/CMakeTmp'
Building CXX object CMakeFiles/cmTC_30728.dir/feature_tests.cxx.o
/jilasoft/software/gcc/6.3.0/bin/g++    -std=c++14 -o CMakeFiles/cmTC_30728.dir/feature_tests.cxx.o -c /users/becker/dopl4670/Research/TDSE_PETSC/cmakebuild/CMakeFiles/feature_tests.cxx
Linking CXX executable cmTC_30728
/jilasoft/software/cmake/3.14.5/bin/cmake -E cmake_link_script CMakeFiles/cmTC_30728.dir/link.txt --verbose=1
/jilasoft/software/gcc/6.3.0/bin/g++       CMakeFiles/cmTC_30728.dir/feature_tests.cxx.o  -o cmTC_30728 
gmake[1]: Leaving directory `/users/becker/dopl4670/Research/TDSE_PETSC/cmakebuild/CMakeFiles/CMakeTmp'


    Feature record: CXX_FEATURE:1cxx_aggregate_default_initializers
    Feature record: CXX_FEATURE:1cxx_alias_templates
    Feature record: CXX_FEATURE:1cxx_alignas
    Feature record: CXX_FEATURE:1cxx_alignof
    Feature record: CXX_FEATURE:1cxx_attributes
    Feature record: CXX_FEATURE:1cxx_attribute_deprecated
    Feature record: CXX_FEATURE:1cxx_auto_type
    Feature record: CXX_FEATURE:1cxx_binary_literals
    Feature record: CXX_FEATURE:1cxx_constexpr
    Feature record: CXX_FEATURE:1cxx_contextual_conversions
    Feature record: CXX_FEATURE:1cxx_decltype
    Feature record: CXX_FEATURE:1cxx_decltype_auto
    Feature record: CXX_FEATURE:1cxx_decltype_incomplete_return_types
    Feature record: CXX_FEATURE:1cxx_default_function_template_args
    Feature record: CXX_FEATURE:1cxx_defaulted_functions
    Feature record: CXX_FEATURE:1cxx_defaulted_move_initializers
    Feature record: CXX_FEATURE:1cxx_delegating_constructors
    Feature record: CXX_FEATURE:1cxx_deleted_functions
    Feature record: CXX_FEATURE:1cxx_digit_separators
    Feature record: CXX_FEATURE:1cxx_enum_forward_declarations
    Feature record: CXX_FEATURE:1cxx_explicit_conversions
    Feature record: CXX_FEATURE:1cxx_extended_friend_declarations
    Feature record: CXX_FEATURE:1cxx_extern_templates
    Feature record: CXX_FEATURE:1cxx_final
    Feature record: CXX_FEATURE:1cxx_func_identifier
    Feature record: CXX_FEATURE:1cxx_generalized_initializers
    Feature record: CXX_FEATURE:1cxx_generic_lambdas
    Feature record: CXX_FEATURE:1cxx_inheriting_constructors
    Feature record: CXX_FEATURE:1cxx_inline_namespaces
    Feature record: CXX_FEATURE:1cxx_lambdas
    Feature record: CXX_FEATURE:1cxx_lambda_init_captures
    Feature record: CXX_FEATURE:1cxx_local_type_template_args
    Feature record: CXX_FEATURE:1cxx_long_long_type
    Feature record: CXX_FEATURE:1cxx_noexcept
    Feature record: CXX_FEATURE:1cxx_nonstatic_member_init
    Feature record: CXX_FEATURE:1cxx_nullptr
    Feature record: CXX_FEATURE:1cxx_override
    Feature record: CXX_FEATURE:1cxx_range_for
    Feature record: CXX_FEATURE:1cxx_raw_string_literals
    Feature record: CXX_FEATURE:1cxx_reference_qualified_functions
    Feature record: CXX_FEATURE:1cxx_relaxed_constexpr
    Feature record: CXX_FEATURE:1cxx_return_type_deduction
    Feature record: CXX_FEATURE:1cxx_right_angle_brackets
    Feature record: CXX_FEATURE:1cxx_rvalue_references
    Feature record: CXX_FEATURE:1cxx_sizeof_member
    Feature record: CXX_FEATURE:1cxx_static_assert
    Feature record: CXX_FEATURE:1cxx_strong_enums
    Feature record: CXX_FEATURE:1cxx_template_template_parameters
    Feature record: CXX_FEATURE:1cxx_thread_local
    Feature record: CXX_FEATURE:1cxx_trailing_return_types
    Feature record: CXX_FEATURE:1cxx_unicode_literals
    Feature record: CXX_FEATURE:1cxx_uniform_initialization
    Feature record: CXX_FEATURE:1cxx_unrestricted_unions
    Feature record: CXX_FEATURE:1cxx_user_literals
    Feature record: CXX_FEATURE:1cxx_variable_templates
    Feature record: CXX_FEATURE:1cxx_variadic_macros
    Feature record: CXX_FEATURE:1cxx_variadic_templates


Detecting CXX [-std=c++11] compiler features compiled with the following output:
Change Dir: /users/becker/dopl4670/Research/TDSE_PETSC/cmakebuild/CMakeFiles/CMakeTmp

Run Build Command(s):/usr/bin/gmake cmTC_45c9c/fast 
/usr/bin/gmake -f CMakeFiles/cmTC_45c9c.dir/build.make CMakeFiles/cmTC_45c9c.dir/build
gmake[1]: Entering directory `/users/becker/dopl4670/Research/TDSE_PETSC/cmakebuild/CMakeFiles/CMakeTmp'
Building CXX object CMakeFiles/cmTC_45c9c.dir/feature_tests.cxx.o
/jilasoft/software/gcc/6.3.0/bin/g++    -std=c++11 -o CMakeFiles/cmTC_45c9c.dir/feature_tests.cxx.o -c /users/becker/dopl4670/Research/TDSE_PETSC/cmakebuild/CMakeFiles/feature_tests.cxx
Linking CXX executable cmTC_45c9c
/jilasoft/software/cmake/3.14.5/bin/cmake -E cmake_link_script CMakeFiles/cmTC_45c9c.dir/link.txt --verbose=1
/jilasoft/software/gcc/6.3.0/bin/g++       CMakeFiles/cmTC_45c9c.dir/feature_tests.cxx.o  -o cmTC_45c9c 
gmake[1]: Leaving directory `/users/becker/dopl4670/Research/TDSE_PETSC/cmakebuild/CMakeFiles/CMakeTmp'


    Feature record: CXX_FEATURE:0cxx_aggregate_default_initializers
    Feature record: CXX_FEATURE:1cxx_alias_templates
    Feature record: CXX_FEATURE:1cxx_alignas
    Feature record: CXX_FEATURE:1cxx_alignof
    Feature record: CXX_FEATURE:1cxx_attributes
    Feature record: CXX_FEATURE:0cxx_attribute_deprecated
    Feature record: CXX_FEATURE:1cxx_auto_type
    Feature record: CXX_FEATURE:0cxx_binary_literals
    Feature record: CXX_FEATURE:1cxx_constexpr
    Feature record: CXX_FEATURE:0cxx_contextual_conversions
    Feature record: CXX_FEATURE:1cxx_decltype
    Feature record: CXX_FEATURE:0cxx_decltype_auto
    Feature record: CXX_FEATURE:1cxx_decltype_incomplete_return_types
    Feature record: CXX_FEATURE:1cxx_default_function_template_args
    Feature record: CXX_FEATURE:1cxx_defaulted_functions
    Feature record: CXX_FEATURE:1cxx_defaulted_move_initializers
    Feature record: CXX_FEATURE:1cxx_delegating_constructors
    Feature record: CXX_FEATURE:1cxx_deleted_functions
    Feature record: CXX_FEATURE:0cxx_digit_separators
    Feature record: CXX_FEATURE:1cxx_enum_forward_declarations
    Feature record: CXX_FEATURE:1cxx_explicit_conversions
    Feature record: CXX_FEATURE:1cxx_extended_friend_declarations
    Feature record: CXX_FEATURE:1cxx_extern_templates
    Feature record: CXX_FEATURE:1cxx_final
    Feature record: CXX_FEATURE:1cxx_func_identifier
    Feature record: CXX_FEATURE:1cxx_generalized_initializers
    Feature record: CXX_FEATURE:0cxx_generic_lambdas
    Feature record: CXX_FEATURE:1cxx_inheriting_constructors
    Feature record: CXX_FEATURE:1cxx_inline_namespaces
    Feature record: CXX_FEATURE:1cxx_lambdas
    Feature record: CXX_FEATURE:0cxx_lambda_init_captures
    Feature record: CXX_FEATURE:1cxx_local_type_template_args
    Feature record: CXX_FEATURE:1cxx_long_long_type
    Feature record: CXX_FEATURE:1cxx_noexcept
    Feature record: CXX_FEATURE:1cxx_nonstatic_member_init
    Feature record: CXX_FEATURE:1cxx_nullptr
    Feature record: CXX_FEATURE:1cxx_override
    Feature record: CXX_FEATURE:1cxx_range_for
    Feature record: CXX_FEATURE:1cxx_raw_string_literals
    Feature record: CXX_FEATURE:1cxx_reference_qualified_functions
    Feature record: CXX_FEATURE:0cxx_relaxed_constexpr
    Feature record: CXX_FEATURE:0cxx_return_type_deduction
    Feature record: CXX_FEATURE:1cxx_right_angle_brackets
    Feature record: CXX_FEATURE:1cxx_rvalue_references
    Feature record: CXX_FEATURE:1cxx_sizeof_member
    Feature record: CXX_FEATURE:1cxx_static_assert
    Feature record: CXX_FEATURE:1cxx_strong_enums
    Feature record: CXX_FEATURE:1cxx_template_template_parameters
    Feature record: CXX_FEATURE:1cxx_thread_local
    Feature record: CXX_FEATURE:1cxx_trailing_return_types
    Feature record: CXX_FEATURE:1cxx_unicode_literals
    Feature record: CXX_FEATURE:1cxx_uniform_initialization
    Feature record: CXX_FEATURE:1cxx_unrestricted_unions
    Feature record: CXX_FEATURE:1cxx_user_literals
    Feature record: CXX_FEATURE:0cxx_variable_templates
    Feature record: CXX_FEATURE:1cxx_variadic_macros
    Feature record: CXX_FEATURE:1cxx_variadic_templates


Detecting CXX [-std=c++98] compiler features compiled with the following output:
Change Dir: /users/becker/dopl4670/Research/TDSE_PETSC/cmakebuild/CMakeFiles/CMakeTmp

Run Build Command(s):/usr/bin/gmake cmTC_13762/fast 
/usr/bin/gmake -f CMakeFiles/cmTC_13762.dir/build.make CMakeFiles/cmTC_13762.dir/build
gmake[1]: Entering directory `/users/becker/dopl4670/Research/TDSE_PETSC/cmakebuild/CMakeFiles/CMakeTmp'
Building CXX object CMakeFiles/cmTC_13762.dir/feature_tests.cxx.o
/jilasoft/software/gcc/6.3.0/bin/g++    -std=c++98 -o CMakeFiles/cmTC_13762.dir/feature_tests.cxx.o -c /users/becker/dopl4670/Research/TDSE_PETSC/cmakebuild/CMakeFiles/feature_tests.cxx
Linking CXX executable cmTC_13762
/jilasoft/software/cmake/3.14.5/bin/cmake -E cmake_link_script CMakeFiles/cmTC_13762.dir/link.txt --verbose=1
/jilasoft/software/gcc/6.3.0/bin/g++       CMakeFiles/cmTC_13762.dir/feature_tests.cxx.o  -o cmTC_13762 
gmake[1]: Leaving directory `/users/becker/dopl4670/Research/TDSE_PETSC/cmakebuild/CMakeFiles/CMakeTmp'


    Feature record: CXX_FEATURE:0cxx_aggregate_default_initializers
    Feature record: CXX_FEATURE:0cxx_alias_templates
    Feature record: CXX_FEATURE:0cxx_alignas
    Feature record: CXX_FEATURE:0cxx_alignof
    Feature record: CXX_FEATURE:0cxx_attributes
    Feature record: CXX_FEATURE:0cxx_attribute_deprecated
    Feature record: CXX_FEATURE:0cxx_auto_type
    Feature record: CXX_FEATURE:0cxx_binary_literals
    Feature record: CXX_FEATURE:0cxx_constexpr
    Feature record: CXX_FEATURE:0cxx_contextual_conversions
    Feature record: CXX_FEATURE:0cxx_decltype
    Feature record: CXX_FEATURE:0cxx_decltype_auto
    Feature record: CXX_FEATURE:0cxx_decltype_incomplete_return_types
    Feature record: CXX_FEATURE:0cxx_default_function_template_args
    Feature record: CXX_FEATURE:0cxx_defaulted_functions
    Feature record: CXX_FEATURE:0cxx_defaulted_move_initializers
    Feature record: CXX_FEATURE:0cxx_delegating_constructors
    Feature record: CXX_FEATURE:0cxx_deleted_functions
    Feature record: CXX_FEATURE:0cxx_digit_separators
    Feature record: CXX_FEATURE:0cxx_enum_forward_declarations
    Feature record: CXX_FEATURE:0cxx_explicit_conversions
    Feature record: CXX_FEATURE:0cxx_extended_friend_declarations
    Feature record: CXX_FEATURE:0cxx_extern_templates
    Feature record: CXX_FEATURE:0cxx_final
    Feature record: CXX_FEATURE:0cxx_func_identifier
    Feature record: CXX_FEATURE:0cxx_generalized_initializers
    Feature record: CXX_FEATURE:0cxx_generic_lambdas
    Feature record: CXX_FEATURE:0cxx_inheriting_constructors
    Feature record: CXX_FEATURE:0cxx_inline_namespaces
    Feature record: CXX_FEATURE:0cxx_lambdas
    Feature record: CXX_FEATURE:0cxx_lambda_init_captures
    Feature record: CXX_FEATURE:0cxx_local_type_template_args
    Feature record: CXX_FEATURE:0cxx_long_long_type
    Feature record: CXX_FEATURE:0cxx_noexcept
    Feature record: CXX_FEATURE:0cxx_nonstatic_member_init
    Feature record: CXX_FEATURE:0cxx_nullptr
    Feature record: CXX_FEATURE:0cxx_override
    Feature record: CXX_FEATURE:0cxx_range_for
    Feature record: CXX_FEATURE:0cxx_raw_string_literals
    Feature record: CXX_FEATURE:0cxx_reference_qualified_functions
    Feature record: CXX_FEATURE:0cxx_relaxed_constexpr
    Feature record: CXX_FEATURE:0cxx_return_type_deduction
    Feature record: CXX_FEATURE:0cxx_right_angle_brackets
    Feature record: CXX_FEATURE:0cxx_rvalue_references
    Feature record: CXX_FEATURE:0cxx_sizeof_member
    Feature record: CXX_FEATURE:0cxx_static_assert
    Feature record: CXX_FEATURE:0cxx_strong_enums
    Feature record: CXX_FEATURE:1cxx_template_template_parameters
    Feature record: CXX_FEATURE:0cxx_thread_local
    Feature record: CXX_FEATURE:0cxx_trailing_return_types
    Feature record: CXX_FEATURE:0cxx_unicode_literals
    Feature record: CXX_FEATURE:0cxx_uniform_initialization
    Feature record: CXX_FEATURE:0cxx_unrestricted_unions
    Feature record: CXX_FEATURE:0cxx_user_literals
    Feature record: CXX_FEATURE:0cxx_variable_templates
    Feature record: CXX_FEATURE:0cxx_variadic_macros
    Feature record: CXX_FEATURE:0cxx_variadic_templates
The system is: Linux - 3.10.0-1127.el7.x86_64 - x86_64
Compiling the CXX compiler identification source file "CMakeCXXCompilerId.cpp" succeeded.
Compiler: /jilasoft/software/gcc/6.3.0/bin/g++ 
Build flags: 
Id flags:  

The output was:
0


Compilation of the CXX compiler identification source "CMakeCXXCompilerId.cpp" produced "a.out"

The CXX compiler identification is GNU, found in "/users/becker/dopl4670/Research/TDSE_PETSC/cmakebuild/CMakeFiles/3.14.5/CompilerIdCXX/a.out"

Determining if the CXX compiler works passed with the following output:
Change Dir: /users/becker/dopl4670/Research/TDSE_PETSC/cmakebuild/CMakeFiles/CMakeTmp

Run Build Command(s):/usr/bin/gmake cmTC_47a20/fast 
/usr/bin/gmake -f CMakeFiles/cmTC_47a20.dir/build.make CMakeFiles/cmTC_47a20.dir/build
gmake[1]: Entering directory `/users/becker/dopl4670/Research/TDSE_PETSC/cmakebuild/CMakeFiles/CMakeTmp'
Building CXX object CMakeFiles/cmTC_47a20.dir/testCXXCompiler.cxx.o
/jilasoft/software/gcc/6.3.0/bin/g++     -o CMakeFiles/cmTC_47a20.dir/testCXXCompiler.cxx.o -c /users/becker/dopl4670/Research/TDSE_PETSC/cmakebuild/CMakeFiles/CMakeTmp/testCXXCompiler.cxx
Linking CXX executable cmTC_47a20
/jilasoft/software/cmake/3.14.5/bin/cmake -E cmake_link_script CMakeFiles/cmTC_47a20.dir/link.txt --verbose=1
/jilasoft/software/gcc/6.3.0/bin/g++       CMakeFiles/cmTC_47a20.dir/testCXXCompiler.cxx.o  -o cmTC_47a20 
gmake[1]: Leaving directory `/users/becker/dopl4670/Research/TDSE_PETSC/cmakebuild/CMakeFiles/CMakeTmp'


Detecting CXX compiler ABI info compiled with the following output:
Change Dir: /users/becker/dopl4670/Research/TDSE_PETSC/cmakebuild/CMakeFiles/CMakeTmp

Run Build Command(s):/usr/bin/gmake cmTC_d7875/fast 
/usr/bin/gmake -f CMakeFiles/cmTC_d7875.dir/build.make CMakeFiles/cmTC_d7875.dir/build
gmake[1]: Entering directory `/users/becker/dopl4670/Research/TDSE_PETSC/cmakebuild/CMakeFiles/CMakeTmp'
Building CXX object CMakeFiles/cmTC_d7875.dir/CMakeCXXCompilerABI.cpp.o
/jilasoft/software/gcc/6.3.0/bin/g++    -v -o CMakeFiles/cmTC_d7875.dir/CMakeCXXCompilerABI.cpp.o -c /jilasoft/software/cmake/3.14.5/share/cmake-3.14/Modules/CMakeCXXCompilerABI.cpp
Using built-in specs.
COLLECT_GCC=/jilasoft/software/gcc/6.3.0/bin/g++
Target: x86_64-pc-linux-gnu
Configured with: ./configure --prefix=/jilasoft/software/gcc/6.3.0 --disable-multilib
Thread model: posix
gcc version 6.3.0 (GCC) 
COLLECT_GCC_OPTIONS='-v' '-o' 'CMakeFiles/cmTC_d7875.dir/CMakeCXXCompilerABI.cpp.o' '-c' '-shared-libgcc' '-mtune=generic' '-march=x86-64'
 /jilasoft/software/gcc/6.3.0/libexec/gcc/x86_64-pc-linux-gnu/6.3.0/cc1plus -quiet -v -D_GNU_SOURCE /jilasoft/software/cmake/3.14.5/share/cmake-3.14/Modules/CMakeCXXCompilerABI.cpp -quiet -dumpbase CMakeCXXCompilerABI.cpp -mtune=generic -march=x86-64 -auxbase-strip CMakeFiles/cmTC_d7875.dir/CMakeCXXCompilerABI.cpp.o -version -o /scratch/becker/dopl4670//ccI3FiNX.s
GNU C++14 (GCC) version 6.3.0 (x86_64-pc-linux-gnu)
	compiled by GNU C version 6.3.0, GMP version 4.3.2, MPFR version 2.4.2, MPC version 0.8.1, isl version 0.15
GGC heuristics: --param ggc-min-expand=100 --param ggc-min-heapsize=131072
ignoring nonexistent directory "/jilasoft/software/gcc/6.3.0/lib/gcc/x86_64-pc-linux-gnu/6.3.0/../../../../x86_64-pc-linux-gnu/include"
ignoring nonexistent directory "/jilasoft/software/cmake/3.14.5/include"
ignoring duplicate directory "/jilasoft/software/gcc/6.3.0/include"
  as it is a non-system directory that duplicates a system directory
#include "..." search starts here:
#include <...> search starts here:
 /jilasoft/software/binutils/2.27/include
 /jilasoft/software/gcc/6.3.0/lib/gcc/x86_64-pc-linux-gnu/6.3.0/../../../../include/c++/6.3.0
 /jilasoft/software/gcc/6.3.0/lib/gcc/x86_64-pc-linux-gnu/6.3.0/../../../../include/c++/6.3.0/x86_64-pc-linux-gnu
 /jilasoft/software/gcc/6.3.0/lib/gcc/x86_64-pc-linux-gnu/6.3.0/../../../../include/c++/6.3.0/backward
 /jilasoft/software/gcc/6.3.0/lib/gcc/x86_64-pc-linux-gnu/6.3.0/include
 /usr/local/include
 /jilasoft/software/gcc/6.3.0/include
 /jilasoft/software/gcc/6.3.0/lib/gcc/x86_64-pc-linux-gnu/6.3.0/include-fixed
 /usr/include
End of search list.
GNU C++14 (GCC) version 6.3.0 (x86_64-pc-linux-gnu)
	compiled by GNU C version 6.3.0, GMP version 4.3.2, MPFR version 2.4.2, MPC version 0.8.1, isl version 0.15
GGC heuristics: --param ggc-min-expand=100 --param ggc-min-heapsize=131072
Compiler executable checksum: ab8007fdc715788d92c19c5378a75656
COLLECT_GCC_OPTIONS='-v' '-o' 'CMakeFiles/cmTC_d7875.dir/CMakeCXXCompilerABI.cpp.o' '-c' '-shared-libgcc' '-mtune=generic' '-march=x86-64'
 as -v --64 -o CMakeFiles/cmTC_d7875.dir/CMakeCXXCompilerABI.cpp.o /scratch/becker/dopl4670//ccI3FiNX.s
GNU assembler version 2.27 (x86_64-pc-linux-gnu) using BFD version (GNU Binutils) 2.27
COMPILER_PATH=/jilasoft/software/gcc/6.3.0/libexec/gcc/x86_64-pc-linux-gnu/6.3.0/:/jilasoft/software/gcc/6.3.0/libexec/gcc/x86_64-pc-linux-gnu/6.3.0/:/jilasoft/software/gcc/6.3.0/libexec/gcc/x86_64-pc-linux-gnu/:/jilasoft/software/gcc/6.3.0/lib/gcc/x86_64-pc-linux-gnu/6.3.0/:/jilasoft/software/gcc/6.3.0/lib/gcc/x86_64-pc-linux-gnu/
LIBRARY_PATH=/jilasoft/software/gcc/6.3.0/lib64/../lib64/:/jilasoft/software/gcc/6.3.0/lib/gcc/x86_64-pc-linux-gnu/6.3.0/:/jilasoft/software/gcc/6.3.0/lib/gcc/x86_64-pc-linux-gnu/6.3.0/../../../../lib64/:/lib/../lib64/:/usr/lib/../lib64/:/jilasoft/software/binutils/2.27/lib/:/jilasoft/software/gcc/6.3.0/lib64/:/jilasoft/software/gcc/6.3.0/lib/gcc/x86_64-pc-linux-gnu/6.3.0/../../../:/lib/:/usr/lib/
COLLECT_GCC_OPTIONS='-v' '-o' 'CMakeFiles/cmTC_d7875.dir/CMakeCXXCompilerABI.cpp.o' '-c' '-shared-libgcc' '-mtune=generic' '-march=x86-64'
Linking CXX executable cmTC_d7875
/jilasoft/software/cmake/3.14.5/bin/cmake -E cmake_link_script CMakeFiles/cmTC_d7875.dir/link.txt --verbose=1
/jilasoft/software/gcc/6.3.0/bin/g++      -v CMakeFiles/cmTC_d7875.dir/CMakeCXXCompilerABI.cpp.o  -o cmTC_d7875 
Using built-in specs.
COLLECT_GCC=/jilasoft/software/gcc/6.3.0/bin/g++
COLLECT_LTO_WRAPPER=/jilasoft/software/gcc/6.3.0/libexec/gcc/x86_64-pc-linux-gnu/6.3.0/lto-wrapper
Target: x86_64-pc-linux-gnu
Configured with: ./configure --prefix=/jilasoft/software/gcc/6.3.0 --disable-multilib
Thread model: posix
gcc version 6.3.0 (GCC) 
COMPILER_PATH=/jilasoft/software/gcc/6.3.0/libexec/gcc/x86_64-pc-linux-gnu/6.3.0/:/jilasoft/software/gcc/6.3.0/libexec/gcc/x86_64-pc-linux-gnu/6.3.0/:/jilasoft/software/gcc/6.3.0/libexec/gcc/x86_64-pc-linux-gnu/:/jilasoft/software/gcc/6.3.0/lib/gcc/x86_64-pc-linux-gnu/6.3.0/:/jilasoft/software/gcc/6.3.0/lib/gcc/x86_64-pc-linux-gnu/
LIBRARY_PATH=/jilasoft/software/gcc/6.3.0/lib64/../lib64/:/jilasoft/software/gcc/6.3.0/lib/gcc/x86_64-pc-linux-gnu/6.3.0/:/jilasoft/software/gcc/6.3.0/lib/gcc/x86_64-pc-linux-gnu/6.3.0/../../../../lib64/:/lib/../lib64/:/usr/lib/../lib64/:/jilasoft/software/binutils/2.27/lib/:/jilasoft/software/gcc/6.3.0/lib64/:/jilasoft/software/gcc/6.3.0/lib/gcc/x86_64-pc-linux-gnu/6.3.0/../../../:/lib/:/usr/lib/
COLLECT_GCC_OPTIONS='-v' '-o' 'cmTC_d7875' '-shared-libgcc' '-mtune=generic' '-march=x86-64'
 /jilasoft/software/gcc/6.3.0/libexec/gcc/x86_64-pc-linux-gnu/6.3.0/collect2 -plugin /jilasoft/software/gcc/6.3.0/libexec/gcc/x86_64-pc-linux-gnu/6.3.0/liblto_plugin.so -plugin-opt=/jilasoft/software/gcc/6.3.0/libexec/gcc/x86_64-pc-linux-gnu/6.3.0/lto-wrapper -plugin-opt=-fresolution=/scratch/becker/dopl4670//ccP4qeQ2.res -plugin-opt=-pass-through=-lgcc_s -plugin-opt=-pass-through=-lgcc -plugin-opt=-pass-through=-lc -plugin-opt=-pass-through=-lgcc_s -plugin-opt=-pass-through=-lgcc --eh-frame-hdr -m elf_x86_64 -dynamic-linker /lib64/ld-linux-x86-64.so.2 -o cmTC_d7875 /lib/../lib64/crt1.o /lib/../lib64/crti.o /jilasoft/software/gcc/6.3.0/lib/gcc/x86_64-pc-linux-gnu/6.3.0/crtbegin.o -L/jilasoft/software/gcc/6.3.0/lib64/../lib64 -L/jilasoft/software/gcc/6.3.0/lib/gcc/x86_64-pc-linux-gnu/6.3.0 -L/jilasoft/software/gcc/6.3.0/lib/gcc/x86_64-pc-linux-gnu/6.3.0/../../../../lib64 -L/lib/../lib64 -L/usr/lib/../lib64 -L/jilasoft/software/binutils/2.27/lib -L/jilasoft/software/gcc/6.3.0/lib64 -L/jilasoft/software/gcc/6.3.0/lib/gcc/x86_64-pc-linux-gnu/6.3.0/../../.. CMakeFiles/cmTC_d7875.dir/CMakeCXXCompilerABI.cpp.o -lstdc++ -lm -lgcc_s -lgcc -lc -lgcc_s -lgcc /jilasoft/software/gcc/6.3.0/lib/gcc/x86_64-pc-linux-gnu/6.3.0/crtend.o /lib/../lib64/crtn.o
COLLECT_GCC_OPTIONS='-v' '-o' 'cmTC_d7875' '-shared-libgcc' '-mtune=generic' '-march=x86-64'
gmake[1]: Leaving directory `/users/becker/dopl4670/Research/TDSE_PETSC/cmakebuild/CMakeFiles/CMakeTmp'


Parsed CXX implicit include dir info from above output: rv=done
  found start of include info
  found start of implicit include info
    add: [/jilasoft/software/binutils/2.27/include]
    add: [/jilasoft/software/gcc/6.3.0/lib/gcc/x86_64-pc-linux-gnu/6.3.0/../../../../include/c++/6.3.0]
    add: [/jilasoft/software/gcc/6.3.0/lib/gcc/x86_64-pc-linux-gnu/6.3.0/../../../../include/c++/6.3.0/x86_64-pc-linux-gnu]
    add: [/jilasoft/software/gcc/6.3.0/lib/gcc/x86_64-pc-linux-gnu/6.3.0/../../../../include/c++/6.3.0/backward]
    add: [/jilasoft/software/gcc/6.3.0/lib/gcc/x86_64-pc-linux-gnu/6.3.0/include]
    add: [/usr/local/include]
    add: [/jilasoft/software/gcc/6.3.0/include]
    add: [/jilasoft/software/gcc/6.3.0/lib/gcc/x86_64-pc-linux-gnu/6.3.0/include-fixed]
    add: [/usr/include]
  end of search list found
  collapse include dir [/jilasoft/software/binutils/2.27/include] ==> [/jilasoft/software/binutils/2.27/include]
  collapse include dir [/jilasoft/software/gcc/6.3.0/lib/gcc/x86_64-pc-linux-gnu/6.3.0/../../../../include/c++/6.3.0] ==> [/jilasoft/software/gcc/6.3.0/include/c++/6.3.0]
  collapse include dir [/jilasoft/software/gcc/6.3.0/lib/gcc/x86_64-pc-linux-gnu/6.3.0/../../../../include/c++/6.3.0/x86_64-pc-linux-gnu] ==> [/jilasoft/software/gcc/6.3.0/include/c++/6.3.0/x86_64-pc-linux-gnu]
  collapse include dir [/jilasoft/software/gcc/6.3.0/lib/gcc/x86_64-pc-linux-gnu/6.3.0/../../../../include/c++/6.3.0/backward] ==> [/jilasoft/software/gcc/6.3.0/include/c++/6.3.0/backward]
  collapse include dir [/jilasoft/software/gcc/6.3.0/lib/gcc/x86_64-pc-linux-gnu/6.3.0/include] ==> [/jilasoft/software/gcc/6.3.0/lib/gcc/x86_64-pc-linux-gnu/6.3.0/include]
  collapse include dir [/usr/local/include] ==> [/usr/local/include]
  collapse include dir [/jilasoft/software/gcc/6.3.0/include] ==> [/jilasoft/software/gcc/6.3.0/include]
  collapse include dir [/jilasoft/software/gcc/6.3.0/lib/gcc/x86_64-pc-linux-gnu/6.3.0/include-fixed] ==> [/jilasoft/software/gcc/6.3.0/lib/gcc/x86_64-pc-linux-gnu/6.3.0/include-fixed]
  collapse include dir [/usr/include] ==> [/usr/include]
  implicit include dirs: [/jilasoft/software/binutils/2.27/include;/jilasoft/software/gcc/6.3.0/include/c++/6.3.0;/jilasoft/software/gcc/6.3.0/include/c++/6.3.0/x86_64-pc-linux-gnu;/jilasoft/software/gcc/6.3.0/include/c++/6.3.0/backward;/jilasoft/software/gcc/6.3.0/lib/gcc/x86_64-pc-linux-gnu/6.3.0/include;/usr/local/include;/jilasoft/software/gcc/6.3.0/include;/jilasoft/software/gcc/6.3.0/lib/gcc/x86_64-pc-linux-gnu/6.3.0/include-fixed;/usr/include]


Parsed CXX implicit link information from above output:
  link line regex: [^( *|.*[/\])(ld|CMAKE_LINK_STARTFILE-NOTFOUND|([^/\]+-)?ld|collect2)[^/\]*( |$)]
  ignore line: [Change Dir: /users/becker/dopl4670/Research/TDSE_PETSC/cmakebuild/CMakeFiles/CMakeTmp]
  ignore line: []
  ignore line: [Run Build Command(s):/usr/bin/gmake cmTC_d7875/fast ]
  ignore line: [/usr/bin/gmake -f CMakeFiles/cmTC_d7875.dir/build.make CMakeFiles/cmTC_d7875.dir/build]
  ignore line: [gmake[1]: Entering directory `/users/becker/dopl4670/Research/TDSE_PETSC/cmakebuild/CMakeFiles/CMakeTmp']
  ignore line: [Building CXX object CMakeFiles/cmTC_d7875.dir/CMakeCXXCompilerABI.cpp.o]
  ignore line: [/jilasoft/software/gcc/6.3.0/bin/g++    -v -o CMakeFiles/cmTC_d7875.dir/CMakeCXXCompilerABI.cpp.o -c /jilasoft/software/cmake/3.14.5/share/cmake-3.14/Modules/CMakeCXXCompilerABI.cpp]
  ignore line: [Using built-in specs.]
  ignore line: [COLLECT_GCC=/jilasoft/software/gcc/6.3.0/bin/g++]
  ignore line: [Target: x86_64-pc-linux-gnu]
  ignore line: [Configured with: ./configure --prefix=/jilasoft/software/gcc/6.3.0 --disable-multilib]
  ignore line: [Thread model: posix]
  ignore line: [gcc version 6.3.0 (GCC) ]
  ignore line: [COLLECT_GCC_OPTIONS='-v' '-o' 'CMakeFiles/cmTC_d7875.dir/CMakeCXXCompilerABI.cpp.o' '-c' '-shared-libgcc' '-mtune=generic' '-march=x86-64']
  ignore line: [ /jilasoft/software/gcc/6.3.0/libexec/gcc/x86_64-pc-linux-gnu/6.3.0/cc1plus -quiet -v -D_GNU_SOURCE /jilasoft/software/cmake/3.14.5/share/cmake-3.14/Modules/CMakeCXXCompilerABI.cpp -quiet -dumpbase CMakeCXXCompilerABI.cpp -mtune=generic -march=x86-64 -auxbase-strip CMakeFiles/cmTC_d7875.dir/CMakeCXXCompilerABI.cpp.o -version -o /scratch/becker/dopl4670//ccI3FiNX.s]
  ignore line: [GNU C++14 (GCC) version 6.3.0 (x86_64-pc-linux-gnu)]
  ignore line: [	compiled by GNU C version 6.3.0, GMP version 4.3.2, MPFR version 2.4.2, MPC version 0.8.1, isl version 0.15]
  ignore line: [GGC heuristics: --param ggc-min-expand=100 --param ggc-min-heapsize=131072]
  ignore line: [ignoring nonexistent directory "/jilasoft/software/gcc/6.3.0/lib/gcc/x86_64-pc-linux-gnu/6.3.0/../../../../x86_64-pc-linux-gnu/include"]
  ignore line: [ignoring nonexistent directory "/jilasoft/software/cmake/3.14.5/include"]
  ignore line: [ignoring duplicate directory "/jilasoft/software/gcc/6.3.0/include"]
  ignore line: [  as it is a non-system directory that duplicates a system directory]
  ignore line: [#include "..." search starts here:]
  ignore line: [#include <...> search starts here:]
  ignore line: [ /jilasoft/software/binutils/2.27/include]
  ignore line: [ /jilasoft/software/gcc/6.3.0/lib/gcc/x86_64-pc-linux-gnu/6.3.0/../../../../include/c++/6.3.0]
  ignore line: [ /jilasoft/software/gcc/6.3.0/lib/gcc/x86_64-pc-linux-gnu/6.3.0/../../../../include/c++/6.3.0/x86_64-pc-linux-gnu]
  ignore line: [ /jilasoft/software/gcc/6.3.0/lib/gcc/x86_64-pc-linux-gnu/6.3.0/../../../../include/c++/6.3.0/backward]
  ignore line: [ /jilasoft/software/gcc/6.3.0/lib/gcc/x86_64-pc-linux-gnu/6.3.0/include]
  ignore line: [ /usr/local/include]
  ignore line: [ /jilasoft/software/gcc/6.3.0/include]
  ignore line: [ /jilasoft/software/gcc/6.3.0/lib/gcc/x86_64-pc-linux-gnu/6.3.0/include-fixed]
  ignore line: [ /usr/include]
  ignore line: [End of search list.]
  ignore line: [GNU C++14 (GCC) version 6.3.0 (x86_64-pc-linux-gnu)]
  ignore line: [	compiled by GNU C version 6.3.0, GMP version 4.3.2, MPFR version 2.4.2, MPC version 0.8.1, isl version 0.15]
  ignore line: [GGC heuristics: --param ggc-min-expand=100 --param ggc-min-heapsize=131072]
  ignore line: [Compiler executable checksum: ab8007fdc715788d92c19c5378a75656]
  ignore line: [COLLECT_GCC_OPTIONS='-v' '-o' 'CMakeFiles/cmTC_d7875.dir/CMakeCXXCompilerABI.cpp.o' '-c' '-shared-libgcc' '-mtune=generic' '-march=x86-64']
  ignore line: [ as -v --64 -o CMakeFiles/cmTC_d7875.dir/CMakeCXXCompilerABI.cpp.o /scratch/becker/dopl4670//ccI3FiNX.s]
  ignore line: [GNU assembler version 2.27 (x86_64-pc-linux-gnu) using BFD version (GNU Binutils) 2.27]
  ignore line: [COMPILER_PATH=/jilasoft/software/gcc/6.3.0/libexec/gcc/x86_64-pc-linux-gnu/6.3.0/:/jilasoft/software/gcc/6.3.0/libexec/gcc/x86_64-pc-linux-gnu/6.3.0/:/jilasoft/software/gcc/6.3.0/libexec/gcc/x86_64-pc-linux-gnu/:/jilasoft/software/gcc/6.3.0/lib/gcc/x86_64-pc-linux-gnu/6.3.0/:/jilasoft/software/gcc/6.3.0/lib/gcc/x86_64-pc-linux-gnu/]
  ignore line: [LIBRARY_PATH=/jilasoft/software/gcc/6.3.0/lib64/../lib64/:/jilasoft/software/gcc/6.3.0/lib/gcc/x86_64-pc-linux-gnu/6.3.0/:/jilasoft/software/gcc/6.3.0/lib/gcc/x86_64-pc-linux-gnu/6.3.0/../../../../lib64/:/lib/../lib64/:/usr/lib/../lib64/:/jilasoft/software/binutils/2.27/lib/:/jilasoft/software/gcc/6.3.0/lib64/:/jilasoft/software/gcc/6.3.0/lib/gcc/x86_64-pc-linux-gnu/6.3.0/../../../:/lib/:/usr/lib/]
  ignore line: [COLLECT_GCC_OPTIONS='-v' '-o' 'CMakeFiles/cmTC_d7875.dir/CMakeCXXCompilerABI.cpp.o' '-c' '-shared-libgcc' '-mtune=generic' '-march=x86-64']
  ignore line: [Linking CXX executable cmTC_d7875]
  ignore line: [/jilasoft/software/cmake/3.14.5/bin/cmake -E cmake_link_script CMakeFiles/cmTC_d7875.dir/link.txt --verbose=1]
  ignore line: [/jilasoft/software/gcc/6.3.0/bin/g++      -v CMakeFiles/cmTC_d7875.dir/CMakeCXXCompilerABI.cpp.o  -o cmTC_d7875 ]
  ignore line: [Using built-in specs.]
  ignore line: [COLLECT_GCC=/jilasoft/software/gcc/6.3.0/bin/g++]
  ignore line: [COLLECT_LTO_WRAPPER=/jilasoft/software/gcc/6.3.0/libexec/gcc/x86_64-pc-linux-gnu/6.3.0/lto-wrapper]
  ignore line: [Target: x86_64-pc-linux-gnu]
  ignore line: [Configured with: ./configure --prefix=/jilasoft/software/gcc/6.3.0 --disable-multilib]
  ignore line: [Thread model: posix]
  ignore line: [gcc version 6.3.0 (GCC) ]
  ignore line: [COMPILER_PATH=/jilasoft/software/gcc/6.3.0/libexec/gcc/x86_64-pc-linux-gnu/6.3.0/:/jilasoft/software/gcc/6.3.0/libexec/gcc/x86_64-pc-linux-gnu/6.3.0/:/jilasoft/software/gcc/6.3.0/libexec/gcc/x86_64-pc-linux-gnu/:/jilasoft/software/gcc/6.3.0/lib/gcc/x86_64-pc-linux-gnu/6.3.0/:/jilasoft/software/gcc/6.3.0/lib/gcc/x86_64-pc-linux-gnu/]
  ignore line: [LIBRARY_PATH=/jilasoft/software/gcc/6.3.0/lib64/../lib64/:/jilasoft/software/gcc/6.3.0/lib/gcc/x86_64-pc-linux-gnu/6.3.0/:/jilasoft/software/gcc/6.3.0/lib/gcc/x86_64-pc-linux-gnu/6.3.0/../../../../lib64/:/lib/../lib64/:/usr/lib/../lib64/:/jilasoft/software/binutils/2.27/lib/:/jilasoft/software/gcc/6.3.0/lib64/:/jilasoft/software/gcc/6.3.0/lib/gcc/x86_64-pc-linux-gnu/6.3.0/../../../:/lib/:/usr/lib/]
  ignore line: [COLLECT_GCC_OPTIONS='-v' '-o' 'cmTC_d7875' '-shared-libgcc' '-mtune=generic' '-march=x86-64']
  link line: [ /jilasoft/software/gcc/6.3.0/libexec/gcc/x86_64-pc-linux-gnu/6.3.0/collect2 -plugin /jilasoft/software/gcc/6.3.0/libexec/gcc/x86_64-pc-linux-gnu/6.3.0/liblto_plugin.so -plugin-opt=/jilasoft/software/gcc/6.3.0/libexec/gcc/x86_64-pc-linux-gnu/6.3.0/lto-wrapper -plugin-opt=-fresolution=/scratch/becker/dopl4670//ccP4qeQ2.res -plugin-opt=-pass-through=-lgcc_s -plugin-opt=-pass-through=-lgcc -plugin-opt=-pass-through=-lc -plugin-opt=-pass-through=-lgcc_s -plugin-opt=-pass-through=-lgcc --eh-frame-hdr -m elf_x86_64 -dynamic-linker /lib64/ld-linux-x86-64.so.2 -o cmTC_d7875 /lib/../lib64/crt1.o /lib/../lib64/crti.o /jilasoft/software/gcc/6.3.0/lib/gcc/x86_64-pc-linux-gnu/6.3.0/crtbegin.o -L/jilasoft/software/gcc/6.3.0/lib64/../lib64 -L/jilasoft/software/gcc/6.3.0/lib/gcc/x86_64-pc-linux-gnu/6.3.0 -L/jilasoft/software/gcc/6.3.0/lib/gcc/x86_64-pc-linux-gnu/6.3.0/../../../../lib64 -L/lib/../lib64 -L/usr/lib/../lib64 -L/jilasoft/software/binutils/2.27/lib -L/jilasoft/software/gcc/6.3.0/lib64 -L/jilasoft/software/gcc/6.3.0/lib/gcc/x86_64-pc-linux-gnu/6.3.0/../../.. CMakeFiles/cmTC_d7875.dir/CMakeCXXCompilerABI.cpp.o -lstdc++ -lm -lgcc_s -lgcc -lc -lgcc_s -lgcc /jilasoft/software/gcc/6.3.0/lib/gcc/x86_64-pc-linux-gnu/6.3.0/crtend.o /lib/../lib64/crtn.o]
    arg [/jilasoft/software/gcc/6.3.0/libexec/gcc/x86_64-pc-linux-gnu/6.3.0/collect2] ==> ignore
    arg [-plugin] ==> ignore
    arg [/jilasoft/software/gcc/6.3.0/libexec/gcc/x86_64-pc-linux-gnu/6.3.0/liblto_plugin.so] ==> ignore
    arg [-plugin-opt=/jilasoft/software/gcc/6.3.0/libexec/gcc/x86_64-pc-linux-gnu/6.3.0/lto-wrapper] ==> ignore
    arg [-plugin-opt=-fresolution=/scratch/becker/dopl4670//ccP4qeQ2.res] ==> ignore
    arg [-plugin-opt=-pass-through=-lgcc_s] ==> ignore
    arg [-plugin-opt=-pass-through=-lgcc] ==> ignore
    arg [-plugin-opt=-pass-through=-lc] ==> ignore
    arg [-plugin-opt=-pass-through=-lgcc_s] ==> ignore
    arg [-plugin-opt=-pass-through=-lgcc] ==> ignore
    arg [--eh-frame-hdr] ==> ignore
    arg [-m] ==> ignore
    arg [elf_x86_64] ==> ignore
    arg [-dynamic-linker] ==> ignore
    arg [/lib64/ld-linux-x86-64.so.2] ==> ignore
    arg [-o] ==> ignore
    arg [cmTC_d7875] ==> ignore
    arg [/lib/../lib64/crt1.o] ==> ignore
    arg [/lib/../lib64/crti.o] ==> ignore
    arg [/jilasoft/software/gcc/6.3.0/lib/gcc/x86_64-pc-linux-gnu/6.3.0/crtbegin.o] ==> ignore
    arg [-L/jilasoft/software/gcc/6.3.0/lib64/../lib64] ==> dir [/jilasoft/software/gcc/6.3.0/lib64/../lib64]
    arg [-L/jilasoft/software/gcc/6.3.0/lib/gcc/x86_64-pc-linux-gnu/6.3.0] ==> dir [/jilasoft/software/gcc/6.3.0/lib/gcc/x86_64-pc-linux-gnu/6.3.0]
    arg [-L/jilasoft/software/gcc/6.3.0/lib/gcc/x86_64-pc-linux-gnu/6.3.0/../../../../lib64] ==> dir [/jilasoft/software/gcc/6.3.0/lib/gcc/x86_64-pc-linux-gnu/6.3.0/../../../../lib64]
    arg [-L/lib/../lib64] ==> dir [/lib/../lib64]
    arg [-L/usr/lib/../lib64] ==> dir [/usr/lib/../lib64]
    arg [-L/jilasoft/software/binutils/2.27/lib] ==> dir [/jilasoft/software/binutils/2.27/lib]
    arg [-L/jilasoft/software/gcc/6.3.0/lib64] ==> dir [/jilasoft/software/gcc/6.3.0/lib64]
    arg [-L/jilasoft/software/gcc/6.3.0/lib/gcc/x86_64-pc-linux-gnu/6.3.0/../../..] ==> dir [/jilasoft/software/gcc/6.3.0/lib/gcc/x86_64-pc-linux-gnu/6.3.0/../../..]
    arg [CMakeFiles/cmTC_d7875.dir/CMakeCXXCompilerABI.cpp.o] ==> ignore
    arg [-lstdc++] ==> lib [stdc++]
    arg [-lm] ==> lib [m]
    arg [-lgcc_s] ==> lib [gcc_s]
    arg [-lgcc] ==> lib [gcc]
    arg [-lc] ==> lib [c]
    arg [-lgcc_s] ==> lib [gcc_s]
    arg [-lgcc] ==> lib [gcc]
    arg [/jilasoft/software/gcc/6.3.0/lib/gcc/x86_64-pc-linux-gnu/6.3.0/crtend.o] ==> ignore
    arg [/lib/../lib64/crtn.o] ==> ignore
  collapse library dir [/jilasoft/software/gcc/6.3.0/lib64/../lib64] ==> [/jilasoft/software/gcc/6.3.0/lib64]
  collapse library dir [/jilasoft/software/gcc/6.3.0/lib/gcc/x86_64-pc-linux-gnu/6.3.0] ==> [/jilasoft/software/gcc/6.3.0/lib/gcc/x86_64-pc-linux-gnu/6.3.0]
  collapse library dir [/jilasoft/software/gcc/6.3.0/lib/gcc/x86_64-pc-linux-gnu/6.3.0/../../../../lib64] ==> [/jilasoft/software/gcc/6.3.0/lib64]
  collapse library dir [/lib/../lib64] ==> [/lib64]
  collapse library dir [/usr/lib/../lib64] ==> [/usr/lib64]
  collapse library dir [/jilasoft/software/binutils/2.27/lib] ==> [/jilasoft/software/binutils/2.27/lib]
  collapse library dir [/jilasoft/software/gcc/6.3.0/lib64] ==> [/jilasoft/software/gcc/6.3.0/lib64]
  collapse library dir [/jilasoft/software/gcc/6.3.0/lib/gcc/x86_64-pc-linux-gnu/6.3.0/../../..] ==> [/jilasoft/software/gcc/6.3.0/lib]
  implicit libs: [stdc++;m;gcc_s;gcc;c;gcc_s;gcc]
  implicit dirs: [/jilasoft/software/gcc/6.3.0/lib64;/jilasoft/software/gcc/6.3.0/lib/gcc/x86_64-pc-linux-gnu/6.3.0;/lib64;/usr/lib64;/jilasoft/software/binutils/2.27/lib;/jilasoft/software/gcc/6.3.0/lib]
  implicit fwks: []




Detecting CXX [-std=c++1z] compiler features compiled with the following output:
Change Dir: /users/becker/dopl4670/Research/TDSE_PETSC/cmakebuild/CMakeFiles/CMakeTmp

Run Build Command(s):/usr/bin/gmake cmTC_d08ce/fast 
/usr/bin/gmake -f CMakeFiles/cmTC_d08ce.dir/build.make CMakeFiles/cmTC_d08ce.dir/build
gmake[1]: Entering directory `/users/becker/dopl4670/Research/TDSE_PETSC/cmakebuild/CMakeFiles/CMakeTmp'
Building CXX object CMakeFiles/cmTC_d08ce.dir/feature_tests.cxx.o
/jilasoft/software/gcc/6.3.0/bin/g++    -std=c++1z -o CMakeFiles/cmTC_d08ce.dir/feature_tests.cxx.o -c /users/becker/dopl4670/Research/TDSE_PETSC/cmakebuild/CMakeFiles/feature_tests.cxx
Linking CXX executable cmTC_d08ce
/jilasoft/software/cmake/3.14.5/bin/cmake -E cmake_link_script CMakeFiles/cmTC_d08ce.dir/link.txt --verbose=1
/jilasoft/software/gcc/6.3.0/bin/g++       CMakeFiles/cmTC_d08ce.dir/feature_tests.cxx.o  -o cmTC_d08ce 
gmake[1]: Leaving directory `/users/becker/dopl4670/Research/TDSE_PETSC/cmakebuild/CMakeFiles/CMakeTmp'


    Feature record: CXX_FEATURE:1cxx_aggregate_default_initializers
    Feature record: CXX_FEATURE:1cxx_alias_templates
    Feature record: CXX_FEATURE:1cxx_alignas
    Feature record: CXX_FEATURE:1cxx_alignof
    Feature record: CXX_FEATURE:1cxx_attributes
    Feature record: CXX_FEATURE:1cxx_attribute_deprecated
    Feature record: CXX_FEATURE:1cxx_auto_type
    Feature record: CXX_FEATURE:1cxx_binary_literals
    Feature record: CXX_FEATURE:1cxx_constexpr
    Feature record: CXX_FEATURE:1cxx_contextual_conversions
    Feature record: CXX_FEATURE:1cxx_decltype
    Feature record: CXX_FEATURE:1cxx_decltype_auto
    Feature record: CXX_FEATURE:1cxx_decltype_incomplete_return_types
    Feature record: CXX_FEATURE:1cxx_default_function_template_args
    Feature record: CXX_FEATURE:1cxx_defaulted_functions
    Feature record: CXX_FEATURE:1cxx_defaulted_move_initializers
    Feature record: CXX_FEATURE:1cxx_delegating_constructors
    Feature record: CXX_FEATURE:1cxx_deleted_functions
    Feature record: CXX_FEATURE:1cxx_digit_separators
    Feature record: CXX_FEATURE:1cxx_enum_forward_declarations
    Feature record: CXX_FEATURE:1cxx_explicit_conversions
    Feature record: CXX_FEATURE:1cxx_extended_friend_declarations
    Feature record: CXX_FEATURE:1cxx_extern_templates
    Feature record: CXX_FEATURE:1cxx_final
    Feature record: CXX_FEATURE:1cxx_func_identifier
    Feature record: CXX_FEATURE:1cxx_generalized_initializers
    Feature record: CXX_FEATURE:1cxx_generic_lambdas
    Feature record: CXX_FEATURE:1cxx_inheriting_constructors
    Feature record: CXX_FEATURE:1cxx_inline_namespaces
    Feature record: CXX_FEATURE:1cxx_lambdas
    Feature record: CXX_FEATURE:1cxx_lambda_init_captures
    Feature record: CXX_FEATURE:1cxx_local_type_template_args
    Feature record: CXX_FEATURE:1cxx_long_long_type
    Feature record: CXX_FEATURE:1cxx_noexcept
    Feature record: CXX_FEATURE:1cxx_nonstatic_member_init
    Feature record: CXX_FEATURE:1cxx_nullptr
    Feature record: CXX_FEATURE:1cxx_override
    Feature record: CXX_FEATURE:1cxx_range_for
    Feature record: CXX_FEATURE:1cxx_raw_string_literals
    Feature record: CXX_FEATURE:1cxx_reference_qualified_functions
    Feature record: CXX_FEATURE:1cxx_relaxed_constexpr
    Feature record: CXX_FEATURE:1cxx_return_type_deduction
    Feature record: CXX_FEATURE:1cxx_right_angle_brackets
    Feature record: CXX_FEATURE:1cxx_rvalue_references
    Feature record: CXX_FEATURE:1cxx_sizeof_member
    Feature record: CXX_FEATURE:1cxx_static_assert
    Feature record: CXX_FEATURE:1cxx_strong_enums
    Feature record: CXX_FEATURE:1cxx_template_template_parameters
    Feature record: CXX_FEATURE:1cxx_thread_local
    Feature record: CXX_FEATURE:1cxx_trailing_return_types
    Feature record: CXX_FEATURE:1cxx_unicode_literals
    Feature record: CXX_FEATURE:1cxx_uniform_initialization
    Feature record: CXX_FEATURE:1cxx_unrestricted_unions
    Feature record: CXX_FEATURE:1cxx_user_literals
    Feature record: CXX_FEATURE:1cxx_variable_templates
    Feature record: CXX_FEATURE:1cxx_variadic_macros
    Feature record: CXX_FEATURE:1cxx_variadic_templates


Detecting CXX [-std=c++14] compiler features compiled with the following output:
Change Dir: /users/becker/dopl4670/Research/TDSE_PETSC/cmakebuild/CMakeFiles/CMakeTmp

Run Build Command(s):/usr/bin/gmake cmTC_31f35/fast 
/usr/bin/gmake -f CMakeFiles/cmTC_31f35.dir/build.make CMakeFiles/cmTC_31f35.dir/build
gmake[1]: Entering directory `/users/becker/dopl4670/Research/TDSE_PETSC/cmakebuild/CMakeFiles/CMakeTmp'
Building CXX object CMakeFiles/cmTC_31f35.dir/feature_tests.cxx.o
/jilasoft/software/gcc/6.3.0/bin/g++    -std=c++14 -o CMakeFiles/cmTC_31f35.dir/feature_tests.cxx.o -c /users/becker/dopl4670/Research/TDSE_PETSC/cmakebuild/CMakeFiles/feature_tests.cxx
Linking CXX executable cmTC_31f35
/jilasoft/software/cmake/3.14.5/bin/cmake -E cmake_link_script CMakeFiles/cmTC_31f35.dir/link.txt --verbose=1
/jilasoft/software/gcc/6.3.0/bin/g++       CMakeFiles/cmTC_31f35.dir/feature_tests.cxx.o  -o cmTC_31f35 
gmake[1]: Leaving directory `/users/becker/dopl4670/Research/TDSE_PETSC/cmakebuild/CMakeFiles/CMakeTmp'


    Feature record: CXX_FEATURE:1cxx_aggregate_default_initializers
    Feature record: CXX_FEATURE:1cxx_alias_templates
    Feature record: CXX_FEATURE:1cxx_alignas
    Feature record: CXX_FEATURE:1cxx_alignof
    Feature record: CXX_FEATURE:1cxx_attributes
    Feature record: CXX_FEATURE:1cxx_attribute_deprecated
    Feature record: CXX_FEATURE:1cxx_auto_type
    Feature record: CXX_FEATURE:1cxx_binary_literals
    Feature record: CXX_FEATURE:1cxx_constexpr
    Feature record: CXX_FEATURE:1cxx_contextual_conversions
    Feature record: CXX_FEATURE:1cxx_decltype
    Feature record: CXX_FEATURE:1cxx_decltype_auto
    Feature record: CXX_FEATURE:1cxx_decltype_incomplete_return_types
    Feature record: CXX_FEATURE:1cxx_default_function_template_args
    Feature record: CXX_FEATURE:1cxx_defaulted_functions
    Feature record: CXX_FEATURE:1cxx_defaulted_move_initializers
    Feature record: CXX_FEATURE:1cxx_delegating_constructors
    Feature record: CXX_FEATURE:1cxx_deleted_functions
    Feature record: CXX_FEATURE:1cxx_digit_separators
    Feature record: CXX_FEATURE:1cxx_enum_forward_declarations
    Feature record: CXX_FEATURE:1cxx_explicit_conversions
    Feature record: CXX_FEATURE:1cxx_extended_friend_declarations
    Feature record: CXX_FEATURE:1cxx_extern_templates
    Feature record: CXX_FEATURE:1cxx_final
    Feature record: CXX_FEATURE:1cxx_func_identifier
    Feature record: CXX_FEATURE:1cxx_generalized_initializers
    Feature record: CXX_FEATURE:1cxx_generic_lambdas
    Feature record: CXX_FEATURE:1cxx_inheriting_constructors
    Feature record: CXX_FEATURE:1cxx_inline_namespaces
    Feature record: CXX_FEATURE:1cxx_lambdas
    Feature record: CXX_FEATURE:1cxx_lambda_init_captures
    Feature record: CXX_FEATURE:1cxx_local_type_template_args
    Feature record: CXX_FEATURE:1cxx_long_long_type
    Feature record: CXX_FEATURE:1cxx_noexcept
    Feature record: CXX_FEATURE:1cxx_nonstatic_member_init
    Feature record: CXX_FEATURE:1cxx_nullptr
    Feature record: CXX_FEATURE:1cxx_override
    Feature record: CXX_FEATURE:1cxx_range_for
    Feature record: CXX_FEATURE:1cxx_raw_string_literals
    Feature record: CXX_FEATURE:1cxx_reference_qualified_functions
    Feature record: CXX_FEATURE:1cxx_relaxed_constexpr
    Feature record: CXX_FEATURE:1cxx_return_type_deduction
    Feature record: CXX_FEATURE:1cxx_right_angle_brackets
    Feature record: CXX_FEATURE:1cxx_rvalue_references
    Feature record: CXX_FEATURE:1cxx_sizeof_member
    Feature record: CXX_FEATURE:1cxx_static_assert
    Feature record: CXX_FEATURE:1cxx_strong_enums
    Feature record: CXX_FEATURE:1cxx_template_template_parameters
    Feature record: CXX_FEATURE:1cxx_thread_local
    Feature record: CXX_FEATURE:1cxx_trailing_return_types
    Feature record: CXX_FEATURE:1cxx_unicode_literals
    Feature record: CXX_FEATURE:1cxx_uniform_initialization
    Feature record: CXX_FEATURE:1cxx_unrestricted_unions
    Feature record: CXX_FEATURE:1cxx_user_literals
    Feature record: CXX_FEATURE:1cxx_variable_templates
    Feature record: CXX_FEATURE:1cxx_variadic_macros
    Feature record: CXX_FEATURE:1cxx_variadic_templates


Detecting CXX [-std=c++11] compiler features compiled with the following output:
Change Dir: /users/becker/dopl4670/Research/TDSE_PETSC/cmakebuild/CMakeFiles/CMakeTmp

Run Build Command(s):/usr/bin/gmake cmTC_3859d/fast 
/usr/bin/gmake -f CMakeFiles/cmTC_3859d.dir/build.make CMakeFiles/cmTC_3859d.dir/build
gmake[1]: Entering directory `/users/becker/dopl4670/Research/TDSE_PETSC/cmakebuild/CMakeFiles/CMakeTmp'
Building CXX object CMakeFiles/cmTC_3859d.dir/feature_tests.cxx.o
/jilasoft/software/gcc/6.3.0/bin/g++    -std=c++11 -o CMakeFiles/cmTC_3859d.dir/feature_tests.cxx.o -c /users/becker/dopl4670/Research/TDSE_PETSC/cmakebuild/CMakeFiles/feature_tests.cxx
Linking CXX executable cmTC_3859d
/jilasoft/software/cmake/3.14.5/bin/cmake -E cmake_link_script CMakeFiles/cmTC_3859d.dir/link.txt --verbose=1
/jilasoft/software/gcc/6.3.0/bin/g++       CMakeFiles/cmTC_3859d.dir/feature_tests.cxx.o  -o cmTC_3859d 
gmake[1]: Leaving directory `/users/becker/dopl4670/Research/TDSE_PETSC/cmakebuild/CMakeFiles/CMakeTmp'


    Feature record: CXX_FEATURE:0cxx_aggregate_default_initializers
    Feature record: CXX_FEATURE:1cxx_alias_templates
    Feature record: CXX_FEATURE:1cxx_alignas
    Feature record: CXX_FEATURE:1cxx_alignof
    Feature record: CXX_FEATURE:1cxx_attributes
    Feature record: CXX_FEATURE:0cxx_attribute_deprecated
    Feature record: CXX_FEATURE:1cxx_auto_type
    Feature record: CXX_FEATURE:0cxx_binary_literals
    Feature record: CXX_FEATURE:1cxx_constexpr
    Feature record: CXX_FEATURE:0cxx_contextual_conversions
    Feature record: CXX_FEATURE:1cxx_decltype
    Feature record: CXX_FEATURE:0cxx_decltype_auto
    Feature record: CXX_FEATURE:1cxx_decltype_incomplete_return_types
    Feature record: CXX_FEATURE:1cxx_default_function_template_args
    Feature record: CXX_FEATURE:1cxx_defaulted_functions
    Feature record: CXX_FEATURE:1cxx_defaulted_move_initializers
    Feature record: CXX_FEATURE:1cxx_delegating_constructors
    Feature record: CXX_FEATURE:1cxx_deleted_functions
    Feature record: CXX_FEATURE:0cxx_digit_separators
    Feature record: CXX_FEATURE:1cxx_enum_forward_declarations
    Feature record: CXX_FEATURE:1cxx_explicit_conversions
    Feature record: CXX_FEATURE:1cxx_extended_friend_declarations
    Feature record: CXX_FEATURE:1cxx_extern_templates
    Feature record: CXX_FEATURE:1cxx_final
    Feature record: CXX_FEATURE:1cxx_func_identifier
    Feature record: CXX_FEATURE:1cxx_generalized_initializers
    Feature record: CXX_FEATURE:0cxx_generic_lambdas
    Feature record: CXX_FEATURE:1cxx_inheriting_constructors
    Feature record: CXX_FEATURE:1cxx_inline_namespaces
    Feature record: CXX_FEATURE:1cxx_lambdas
    Feature record: CXX_FEATURE:0cxx_lambda_init_captures
    Feature record: CXX_FEATURE:1cxx_local_type_template_args
    Feature record: CXX_FEATURE:1cxx_long_long_type
    Feature record: CXX_FEATURE:1cxx_noexcept
    Feature record: CXX_FEATURE:1cxx_nonstatic_member_init
    Feature record: CXX_FEATURE:1cxx_nullptr
    Feature record: CXX_FEATURE:1cxx_override
    Feature record: CXX_FEATURE:1cxx_range_for
    Feature record: CXX_FEATURE:1cxx_raw_string_literals
    Feature record: CXX_FEATURE:1cxx_reference_qualified_functions
    Feature record: CXX_FEATURE:0cxx_relaxed_constexpr
    Feature record: CXX_FEATURE:0cxx_return_type_deduction
    Feature record: CXX_FEATURE:1cxx_right_angle_brackets
    Feature record: CXX_FEATURE:1cxx_rvalue_references
    Feature record: CXX_FEATURE:1cxx_sizeof_member
    Feature record: CXX_FEATURE:1cxx_static_assert
    Feature record: CXX_FEATURE:1cxx_strong_enums
    Feature record: CXX_FEATURE:1cxx_template_template_parameters
    Feature record: CXX_FEATURE:1cxx_thread_local
    Feature record: CXX_FEATURE:1cxx_trailing_return_types
    Feature record: CXX_FEATURE:1cxx_unicode_literals
    Feature record: CXX_FEATURE:1cxx_uniform_initialization
    Feature record: CXX_FEATURE:1cxx_unrestricted_unions
    Feature record: CXX_FEATURE:1cxx_user_literals
    Feature record: CXX_FEATURE:0cxx_variable_templates
    Feature record: CXX_FEATURE:1cxx_variadic_macros
    Feature record: CXX_FEATURE:1cxx_variadic_templates


Detecting CXX [-std=c++98] compiler features compiled with the following output:
Change Dir: /users/becker/dopl4670/Research/TDSE_PETSC/cmakebuild/CMakeFiles/CMakeTmp

Run Build Command(s):/usr/bin/gmake cmTC_9b6a7/fast 
/usr/bin/gmake -f CMakeFiles/cmTC_9b6a7.dir/build.make CMakeFiles/cmTC_9b6a7.dir/build
gmake[1]: Entering directory `/users/becker/dopl4670/Research/TDSE_PETSC/cmakebuild/CMakeFiles/CMakeTmp'
Building CXX object CMakeFiles/cmTC_9b6a7.dir/feature_tests.cxx.o
/jilasoft/software/gcc/6.3.0/bin/g++    -std=c++98 -o CMakeFiles/cmTC_9b6a7.dir/feature_tests.cxx.o -c /users/becker/dopl4670/Research/TDSE_PETSC/cmakebuild/CMakeFiles/feature_tests.cxx
Linking CXX executable cmTC_9b6a7
/jilasoft/software/cmake/3.14.5/bin/cmake -E cmake_link_script CMakeFiles/cmTC_9b6a7.dir/link.txt --verbose=1
/jilasoft/software/gcc/6.3.0/bin/g++       CMakeFiles/cmTC_9b6a7.dir/feature_tests.cxx.o  -o cmTC_9b6a7 
gmake[1]: Leaving directory `/users/becker/dopl4670/Research/TDSE_PETSC/cmakebuild/CMakeFiles/CMakeTmp'


    Feature record: CXX_FEATURE:0cxx_aggregate_default_initializers
    Feature record: CXX_FEATURE:0cxx_alias_templates
    Feature record: CXX_FEATURE:0cxx_alignas
    Feature record: CXX_FEATURE:0cxx_alignof
    Feature record: CXX_FEATURE:0cxx_attributes
    Feature record: CXX_FEATURE:0cxx_attribute_deprecated
    Feature record: CXX_FEATURE:0cxx_auto_type
    Feature record: CXX_FEATURE:0cxx_binary_literals
    Feature record: CXX_FEATURE:0cxx_constexpr
    Feature record: CXX_FEATURE:0cxx_contextual_conversions
    Feature record: CXX_FEATURE:0cxx_decltype
    Feature record: CXX_FEATURE:0cxx_decltype_auto
    Feature record: CXX_FEATURE:0cxx_decltype_incomplete_return_types
    Feature record: CXX_FEATURE:0cxx_default_function_template_args
    Feature record: CXX_FEATURE:0cxx_defaulted_functions
    Feature record: CXX_FEATURE:0cxx_defaulted_move_initializers
    Feature record: CXX_FEATURE:0cxx_delegating_constructors
    Feature record: CXX_FEATURE:0cxx_deleted_functions
    Feature record: CXX_FEATURE:0cxx_digit_separators
    Feature record: CXX_FEATURE:0cxx_enum_forward_declarations
    Feature record: CXX_FEATURE:0cxx_explicit_conversions
    Feature record: CXX_FEATURE:0cxx_extended_friend_declarations
    Feature record: CXX_FEATURE:0cxx_extern_templates
    Feature record: CXX_FEATURE:0cxx_final
    Feature record: CXX_FEATURE:0cxx_func_identifier
    Feature record: CXX_FEATURE:0cxx_generalized_initializers
    Feature record: CXX_FEATURE:0cxx_generic_lambdas
    Feature record: CXX_FEATURE:0cxx_inheriting_constructors
    Feature record: CXX_FEATURE:0cxx_inline_namespaces
    Feature record: CXX_FEATURE:0cxx_lambdas
    Feature record: CXX_FEATURE:0cxx_lambda_init_captures
    Feature record: CXX_FEATURE:0cxx_local_type_template_args
    Feature record: CXX_FEATURE:0cxx_long_long_type
    Feature record: CXX_FEATURE:0cxx_noexcept
    Feature record: CXX_FEATURE:0cxx_nonstatic_member_init
    Feature record: CXX_FEATURE:0cxx_nullptr
    Feature record: CXX_FEATURE:0cxx_override
    Feature record: CXX_FEATURE:0cxx_range_for
    Feature record: CXX_FEATURE:0cxx_raw_string_literals
    Feature record: CXX_FEATURE:0cxx_reference_qualified_functions
    Feature record: CXX_FEATURE:0cxx_relaxed_constexpr
    Feature record: CXX_FEATURE:0cxx_return_type_deduction
    Feature record: CXX_FEATURE:0cxx_right_angle_brackets
    Feature record: CXX_FEATURE:0cxx_rvalue_references
    Feature record: CXX_FEATURE:0cxx_sizeof_member
    Feature record: CXX_FEATURE:0cxx_static_assert
    Feature record: CXX_FEATURE:0cxx_strong_enums
    Feature record: CXX_FEATURE:1cxx_template_template_parameters
    Feature record: CXX_FEATURE:0cxx_thread_local
    Feature record: CXX_FEATURE:0cxx_trailing_return_types
    Feature record: CXX_FEATURE:0cxx_unicode_literals
    Feature record: CXX_FEATURE:0cxx_uniform_initialization
    Feature record: CXX_FEATURE:0cxx_unrestricted_unions
    Feature record: CXX_FEATURE:0cxx_user_literals
    Feature record: CXX_FEATURE:0cxx_variable_templates
    Feature record: CXX_FEATURE:0cxx_variadic_macros
    Feature record: CXX_FEATURE:0cxx_variadic_templates
