Eigenvalues Requested 10, Eigenvalues Converged: 10 
Saving Eigenvector 1 -> Norm(1.0000 , 0.0000) -> Eigenvalue(-0.5000 , 0.0000)  
Saving Eigenvector 2 -> Norm(1.0000 , 0.0000) -> Eigenvalue(-0.1250 , -0.0000)  
Saving Eigenvector 3 -> Norm(1.0000 , -0.0000) -> Eigenvalue(-0.0556 , 0.0000)  
Saving Eigenvector 4 -> Norm(1.0000 , -0.0000) -> Eigenvalue(-0.0312 , -0.0000)  
Saving Eigenvector 5 -> Norm(1.0000 , 0.0000) -> Eigenvalue(-0.0200 , -0.0000)  
Saving Eigenvector 6 -> Norm(1.0000 , -0.0000) -> Eigenvalue(-0.0139 , 0.0000)  
Saving Eigenvector 7 -> Norm(1.0000 , -0.0000) -> Eigenvalue(-0.0102 , -0.0000)  
Saving Eigenvector 8 -> Norm(1.0000 , -0.0000) -> Eigenvalue(-0.0078 , -0.0000)  
Saving Eigenvector 9 -> Norm(1.0000 , 0.0000) -> Eigenvalue(-0.0062 , 0.0000)  
Saving Eigenvector 10 -> Norm(1.0000 , 0.0000) -> Eigenvalue(-0.0050 , -0.0000)  
Eigenvalues Requested 9, Eigenvalues Converged: 9 
Saving Eigenvector 1 -> Norm(1.0000 , 0.0000) -> Eigenvalue(-0.1250 , 0.0000)  
Saving Eigenvector 2 -> Norm(1.0000 , 0.0000) -> Eigenvalue(-0.0556 , 0.0000)  
Saving Eigenvector 3 -> Norm(1.0000 , -0.0000) -> Eigenvalue(-0.0313 , 0.0000)  
Saving Eigenvector 4 -> Norm(1.0000 , -0.0000) -> Eigenvalue(-0.0200 , -0.0000)  
Saving Eigenvector 5 -> Norm(1.0000 , -0.0000) -> Eigenvalue(-0.0139 , -0.0000)  
Saving Eigenvector 6 -> Norm(1.0000 , 0.0000) -> Eigenvalue(-0.0102 , -0.0000)  
Saving Eigenvector 7 -> Norm(1.0000 , -0.0000) -> Eigenvalue(-0.0078 , 0.0000)  
Saving Eigenvector 8 -> Norm(1.0000 , -0.0000) -> Eigenvalue(-0.0062 , -0.0000)  
Saving Eigenvector 9 -> Norm(1.0000 , -0.0000) -> Eigenvalue(-0.0050 , -0.0000)  
Eigenvalues Requested 8, Eigenvalues Converged: 8 
Saving Eigenvector 1 -> Norm(1.0000 , -0.0000) -> Eigenvalue(-0.0556 , 0.0000)  
Saving Eigenvector 2 -> Norm(1.0000 , -0.0000) -> Eigenvalue(-0.0313 , 0.0000)  
Saving Eigenvector 3 -> Norm(1.0000 , -0.0000) -> Eigenvalue(-0.0200 , 0.0000)  
Saving Eigenvector 4 -> Norm(1.0000 , 0.0000) -> Eigenvalue(-0.0139 , 0.0000)  
Saving Eigenvector 5 -> Norm(1.0000 , 0.0000) -> Eigenvalue(-0.0102 , -0.0000)  
Saving Eigenvector 6 -> Norm(1.0000 , 0.0000) -> Eigenvalue(-0.0078 , -0.0000)  
Saving Eigenvector 7 -> Norm(1.0000 , 0.0000) -> Eigenvalue(-0.0062 , 0.0000)  
Saving Eigenvector 8 -> Norm(1.0000 , -0.0000) -> Eigenvalue(-0.0050 , 0.0000)  
Eigenvalues Requested 7, Eigenvalues Converged: 7 
Saving Eigenvector 1 -> Norm(1.0000 , 0.0000) -> Eigenvalue(-0.0312 , 0.0000)  
Saving Eigenvector 2 -> Norm(1.0000 , -0.0000) -> Eigenvalue(-0.0200 , -0.0000)  
Saving Eigenvector 3 -> Norm(1.0000 , 0.0000) -> Eigenvalue(-0.0139 , -0.0000)  
Saving Eigenvector 4 -> Norm(1.0000 , 0.0000) -> Eigenvalue(-0.0102 , 0.0000)  
Saving Eigenvector 5 -> Norm(1.0000 , 0.0000) -> Eigenvalue(-0.0078 , 0.0000)  
Saving Eigenvector 6 -> Norm(1.0000 , -0.0000) -> Eigenvalue(-0.0062 , 0.0000)  
Saving Eigenvector 7 -> Norm(1.0000 , 0.0000) -> Eigenvalue(-0.0050 , -0.0000)  
Eigenvalues Requested 6, Eigenvalues Converged: 6 
Saving Eigenvector 1 -> Norm(1.0000 , 0.0000) -> Eigenvalue(-0.0200 , 0.0000)  
Saving Eigenvector 2 -> Norm(1.0000 , -0.0000) -> Eigenvalue(-0.0139 , -0.0000)  
Saving Eigenvector 3 -> Norm(1.0000 , 0.0000) -> Eigenvalue(-0.0102 , -0.0000)  
Saving Eigenvector 4 -> Norm(1.0000 , -0.0000) -> Eigenvalue(-0.0078 , 0.0000)  
Saving Eigenvector 5 -> Norm(1.0000 , -0.0000) -> Eigenvalue(-0.0062 , -0.0000)  
Saving Eigenvector 6 -> Norm(1.0000 , 0.0000) -> Eigenvalue(-0.0050 , 0.0000)  
Eigenvalues Requested 5, Eigenvalues Converged: 5 
Saving Eigenvector 1 -> Norm(1.0000 , -0.0000) -> Eigenvalue(-0.0139 , 0.0000)  
Saving Eigenvector 2 -> Norm(1.0000 , -0.0000) -> Eigenvalue(-0.0102 , -0.0000)  
Saving Eigenvector 3 -> Norm(1.0000 , 0.0000) -> Eigenvalue(-0.0078 , -0.0000)  
Saving Eigenvector 4 -> Norm(1.0000 , -0.0000) -> Eigenvalue(-0.0062 , 0.0000)  
Saving Eigenvector 5 -> Norm(1.0000 , 0.0000) -> Eigenvalue(-0.0050 , -0.0000)  
Eigenvalues Requested 4, Eigenvalues Converged: 4 
Saving Eigenvector 1 -> Norm(1.0000 , -0.0000) -> Eigenvalue(-0.0102 , 0.0000)  
Saving Eigenvector 2 -> Norm(1.0000 , 0.0000) -> Eigenvalue(-0.0078 , 0.0000)  
Saving Eigenvector 3 -> Norm(1.0000 , -0.0000) -> Eigenvalue(-0.0062 , -0.0000)  
Saving Eigenvector 4 -> Norm(1.0000 , -0.0000) -> Eigenvalue(-0.0050 , -0.0000)  
Eigenvalues Requested 3, Eigenvalues Converged: 3 
Saving Eigenvector 1 -> Norm(1.0000 , -0.0000) -> Eigenvalue(-0.0078 , 0.0000)  
Saving Eigenvector 2 -> Norm(1.0000 , 0.0000) -> Eigenvalue(-0.0062 , -0.0000)  
Saving Eigenvector 3 -> Norm(1.0000 , -0.0000) -> Eigenvalue(-0.0050 , -0.0000)  
Eigenvalues Requested 2, Eigenvalues Converged: 2 
Saving Eigenvector 1 -> Norm(1.0000 , 0.0000) -> Eigenvalue(-0.0062 , -0.0000)  
Saving Eigenvector 2 -> Norm(1.0000 , -0.0000) -> Eigenvalue(-0.0050 , -0.0000)  
Eigenvalues Requested 1, Eigenvalues Converged: 1 
Saving Eigenvector 1 -> Norm(1.0000 , -0.0000) -> Eigenvalue(-0.0050 , 0.0000)  
Time to solve TISE 55.047
Time to integrate overlap 1.334
